TN:
SF:src\config\ConfigManager.ts
FN:23,(anonymous_0)
FN:31,(anonymous_1)
FN:51,(anonymous_2)
FN:59,(anonymous_3)
FN:70,(anonymous_4)
FN:92,(anonymous_5)
FN:104,(anonymous_6)
FN:118,(anonymous_7)
FN:126,(anonymous_8)
FN:175,(anonymous_9)
FN:182,(anonymous_10)
FN:189,(anonymous_11)
FN:197,(anonymous_12)
FN:213,(anonymous_13)
FN:227,(anonymous_14)
FN:236,(anonymous_15)
FN:237,(anonymous_16)
FN:263,(anonymous_17)
FN:276,(anonymous_18)
FN:305,(anonymous_19)
FNF:20
FNH:0
FNDA:0,(anonymous_0)
FNDA:0,(anonymous_1)
FNDA:0,(anonymous_2)
FNDA:0,(anonymous_3)
FNDA:0,(anonymous_4)
FNDA:0,(anonymous_5)
FNDA:0,(anonymous_6)
FNDA:0,(anonymous_7)
FNDA:0,(anonymous_8)
FNDA:0,(anonymous_9)
FNDA:0,(anonymous_10)
FNDA:0,(anonymous_11)
FNDA:0,(anonymous_12)
FNDA:0,(anonymous_13)
FNDA:0,(anonymous_14)
FNDA:0,(anonymous_15)
FNDA:0,(anonymous_16)
FNDA:0,(anonymous_17)
FNDA:0,(anonymous_18)
FNDA:0,(anonymous_19)
DA:19,0
DA:20,0
DA:21,0
DA:24,0
DA:25,0
DA:32,0
DA:33,0
DA:37,0
DA:40,0
DA:43,0
DA:45,0
DA:52,0
DA:53,0
DA:60,0
DA:61,0
DA:62,0
DA:64,0
DA:71,0
DA:73,0
DA:76,0
DA:79,0
DA:82,0
DA:89,0
DA:92,0
DA:93,0
DA:94,0
DA:96,0
DA:105,0
DA:106,0
DA:108,0
DA:109,0
DA:112,0
DA:119,0
DA:120,0
DA:127,0
DA:129,0
DA:130,0
DA:133,0
DA:134,0
DA:135,0
DA:138,0
DA:139,0
DA:144,0
DA:148,0
DA:149,0
DA:150,0
DA:151,0
DA:152,0
DA:153,0
DA:155,0
DA:165,0
DA:176,0
DA:183,0
DA:190,0
DA:191,0
DA:198,0
DA:199,0
DA:202,0
DA:203,0
DA:204,0
DA:207,0
DA:214,0
DA:215,0
DA:216,0
DA:217,0
DA:220,0
DA:228,0
DA:229,0
DA:230,0
DA:232,0
DA:235,0
DA:236,0
DA:237,0
DA:239,0
DA:240,0
DA:242,0
DA:243,0
DA:244,0
DA:245,0
DA:247,0
DA:249,0
DA:250,0
DA:255,0
DA:264,0
DA:266,0
DA:267,0
DA:268,0
DA:277,0
DA:279,0
DA:280,0
DA:281,0
DA:283,0
DA:284,0
DA:285,0
DA:286,0
DA:288,0
DA:289,0
DA:293,0
DA:294,0
DA:295,0
DA:299,0
DA:306,0
DA:307,0
LF:103
LH:0
BRDA:32,0,0,0
BRDA:61,1,0,0
BRDA:61,2,0,0
BRDA:61,2,1,0
BRDA:61,2,2,0
BRDA:138,3,0,0
BRDA:138,4,0,0
BRDA:138,4,1,0
BRDA:138,4,2,0
BRDA:138,4,3,0
BRDA:148,5,0,0
BRDA:148,6,0,0
BRDA:148,6,1,0
BRDA:150,7,0,0
BRDA:152,8,0,0
BRDA:152,8,1,0
BRDA:230,9,0,0
BRDA:239,10,0,0
BRDA:240,11,0,0
BRDA:240,11,1,0
BRDA:243,12,0,0
BRDA:267,13,0,0
BRDA:285,14,0,0
BRDA:285,15,0,0
BRDA:285,15,1,0
BRDA:288,16,0,0
BRDA:294,17,0,0
BRDA:306,18,0,0
BRF:28
BRH:0
end_of_record
TN:
SF:src\config\factory.ts
FN:12,createConfigManager
FN:25,createTestConfigManager
FNF:2
FNH:0
FNDA:0,createConfigManager
FNDA:0,createTestConfigManager
DA:13,0
DA:14,0
DA:16,0
DA:17,0
DA:19,0
DA:26,0
DA:27,0
DA:29,0
DA:30,0
DA:32,0
LF:10
LH:0
BRDA:12,0,0,0
BRDA:14,1,0,0
BRDA:14,1,1,0
BRF:3
BRH:0
end_of_record
TN:
SF:src\config\schema.ts
FN:30,(anonymous_0)
FN:55,(anonymous_1)
FN:69,(anonymous_2)
FN:82,(anonymous_3)
FN:93,(anonymous_4)
FN:252,(anonymous_5)
FN:254,(anonymous_6)
FN:255,(anonymous_7)
FN:256,(anonymous_8)
FN:260,(anonymous_9)
FN:262,(anonymous_10)
FN:263,(anonymous_11)
FN:264,(anonymous_12)
FN:268,(anonymous_13)
FN:271,(anonymous_14)
FN:272,(anonymous_15)
FNF:16
FNH:0
FNDA:0,(anonymous_0)
FNDA:0,(anonymous_1)
FNDA:0,(anonymous_2)
FNDA:0,(anonymous_3)
FNDA:0,(anonymous_4)
FNDA:0,(anonymous_5)
FNDA:0,(anonymous_6)
FNDA:0,(anonymous_7)
FNDA:0,(anonymous_8)
FNDA:0,(anonymous_9)
FNDA:0,(anonymous_10)
FNDA:0,(anonymous_11)
FNDA:0,(anonymous_12)
FNDA:0,(anonymous_13)
FNDA:0,(anonymous_14)
FNDA:0,(anonymous_15)
DA:10,0
DA:30,0
DA:31,0
DA:32,0
DA:35,0
DA:38,0
DA:39,0
DA:43,0
DA:44,0
DA:45,0
DA:48,0
DA:51,0
DA:55,0
DA:56,0
DA:57,0
DA:60,0
DA:61,0
DA:62,0
DA:64,0
DA:69,0
DA:70,0
DA:71,0
DA:74,0
DA:75,0
DA:78,0
DA:82,0
DA:83,0
DA:85,0
DA:86,0
DA:89,0
DA:93,0
DA:94,0
DA:95,0
DA:98,0
DA:99,0
DA:100,0
DA:103,0
DA:107,0
DA:252,0
DA:253,0
DA:254,0
DA:255,0
DA:256,0
DA:260,0
DA:261,0
DA:262,0
DA:263,0
DA:264,0
DA:268,0
DA:269,0
DA:271,0
DA:272,0
DA:273,0
DA:274,0
DA:279,0
LF:55
LH:0
BRDA:31,0,0,0
BRDA:38,1,0,0
BRDA:44,2,0,0
BRDA:56,3,0,0
BRDA:70,4,0,0
BRDA:74,5,0,0
BRDA:83,6,0,0
BRDA:83,6,1,0
BRDA:85,7,0,0
BRDA:85,8,0,0
BRDA:85,8,1,0
BRDA:85,8,2,0
BRDA:94,9,0,0
BRDA:99,10,0,0
BRDA:273,11,0,0
BRF:15
BRH:0
end_of_record
TN:
SF:src\config\storage.ts
FN:16,(anonymous_0)
FN:20,(anonymous_1)
FN:21,(anonymous_2)
FN:25,(anonymous_3)
FN:36,(anonymous_4)
FN:37,(anonymous_5)
FN:43,(anonymous_6)
FN:54,(anonymous_7)
FN:55,(anonymous_8)
FN:59,(anonymous_9)
FN:66,(anonymous_10)
FN:81,(anonymous_11)
FN:82,(anonymous_12)
FN:86,(anonymous_13)
FN:97,(anonymous_14)
FN:98,(anonymous_15)
FN:102,(anonymous_16)
FN:122,(anonymous_17)
FN:128,(anonymous_18)
FN:133,(anonymous_19)
FN:140,(anonymous_20)
FN:147,(anonymous_21)
FN:151,(anonymous_22)
FN:166,(anonymous_23)
FN:176,(anonymous_24)
FN:196,(anonymous_25)
FN:200,(anonymous_26)
FN:208,(anonymous_27)
FN:211,(anonymous_28)
FN:215,(anonymous_29)
FN:219,(anonymous_30)
FN:227,(anonymous_31)
FN:231,(anonymous_32)
FN:235,(anonymous_33)
FNF:34
FNH:0
FNDA:0,(anonymous_0)
FNDA:0,(anonymous_1)
FNDA:0,(anonymous_2)
FNDA:0,(anonymous_3)
FNDA:0,(anonymous_4)
FNDA:0,(anonymous_5)
FNDA:0,(anonymous_6)
FNDA:0,(anonymous_7)
FNDA:0,(anonymous_8)
FNDA:0,(anonymous_9)
FNDA:0,(anonymous_10)
FNDA:0,(anonymous_11)
FNDA:0,(anonymous_12)
FNDA:0,(anonymous_13)
FNDA:0,(anonymous_14)
FNDA:0,(anonymous_15)
FNDA:0,(anonymous_16)
FNDA:0,(anonymous_17)
FNDA:0,(anonymous_18)
FNDA:0,(anonymous_19)
FNDA:0,(anonymous_20)
FNDA:0,(anonymous_21)
FNDA:0,(anonymous_22)
FNDA:0,(anonymous_23)
FNDA:0,(anonymous_24)
FNDA:0,(anonymous_25)
FNDA:0,(anonymous_26)
FNDA:0,(anonymous_27)
FNDA:0,(anonymous_28)
FNDA:0,(anonymous_29)
FNDA:0,(anonymous_30)
FNDA:0,(anonymous_31)
FNDA:0,(anonymous_32)
FNDA:0,(anonymous_33)
DA:17,0
DA:21,0
DA:22,0
DA:26,0
DA:27,0
DA:28,0
DA:30,0
DA:37,0
DA:38,0
DA:40,0
DA:44,0
DA:45,0
DA:46,0
DA:48,0
DA:55,0
DA:56,0
DA:60,0
DA:61,0
DA:62,0
DA:65,0
DA:66,0
DA:67,0
DA:69,0
DA:71,0
DA:75,0
DA:82,0
DA:83,0
DA:87,0
DA:88,0
DA:89,0
DA:91,0
DA:98,0
DA:99,0
DA:103,0
DA:104,0
DA:105,0
DA:107,0
DA:123,0
DA:124,0
DA:125,0
DA:130,0
DA:134,0
DA:135,0
DA:136,0
DA:137,0
DA:141,0
DA:142,0
DA:143,0
DA:144,0
DA:148,0
DA:152,0
DA:154,0
DA:155,0
DA:156,0
DA:158,0
DA:159,0
DA:163,0
DA:167,0
DA:169,0
DA:170,0
DA:173,0
DA:177,0
DA:178,0
DA:180,0
DA:181,0
DA:182,0
DA:183,0
DA:185,0
DA:186,0
DA:189,0
DA:193,0
DA:197,0
DA:201,0
DA:209,0
DA:212,0
DA:216,0
DA:220,0
DA:221,0
DA:222,0
DA:224,0
DA:228,0
DA:232,0
DA:236,0
LF:83
LH:0
BRDA:26,0,0,0
BRDA:30,1,0,0
BRDA:30,1,1,0
BRDA:38,2,0,0
BRDA:38,2,1,0
BRDA:44,3,0,0
BRDA:60,4,0,0
BRDA:87,5,0,0
BRDA:103,6,0,0
BRDA:124,7,0,0
BRDA:124,7,1,0
BRDA:130,8,0,0
BRDA:130,8,1,0
BRDA:154,9,0,0
BRDA:154,10,0,0
BRDA:154,10,1,0
BRDA:169,11,0,0
BRDA:169,12,0,0
BRDA:169,12,1,0
BRDA:181,13,0,0
BRDA:181,13,1,0
BRDA:181,14,0,0
BRDA:181,14,1,0
BRF:23
BRH:0
end_of_record
TN:
SF:src\controllers\BaseController.ts
FN:68,(anonymous_0)
FN:76,(anonymous_1)
FN:89,(anonymous_2)
FN:111,(anonymous_3)
FN:123,(anonymous_4)
FN:151,(anonymous_5)
FN:160,(anonymous_6)
FN:178,(anonymous_7)
FN:216,(anonymous_8)
FN:236,(anonymous_9)
FN:244,(anonymous_10)
FN:249,(anonymous_11)
FN:261,(anonymous_12)
FN:278,(anonymous_13)
FN:279,(anonymous_14)
FN:287,(anonymous_15)
FN:310,(anonymous_16)
FN:319,(anonymous_17)
FN:333,(anonymous_18)
FN:334,(anonymous_19)
FN:357,(anonymous_20)
FNF:21
FNH:0
FNDA:0,(anonymous_0)
FNDA:0,(anonymous_1)
FNDA:0,(anonymous_2)
FNDA:0,(anonymous_3)
FNDA:0,(anonymous_4)
FNDA:0,(anonymous_5)
FNDA:0,(anonymous_6)
FNDA:0,(anonymous_7)
FNDA:0,(anonymous_8)
FNDA:0,(anonymous_9)
FNDA:0,(anonymous_10)
FNDA:0,(anonymous_11)
FNDA:0,(anonymous_12)
FNDA:0,(anonymous_13)
FNDA:0,(anonymous_14)
FNDA:0,(anonymous_15)
FNDA:0,(anonymous_16)
FNDA:0,(anonymous_17)
FNDA:0,(anonymous_18)
FNDA:0,(anonymous_19)
FNDA:0,(anonymous_20)
DA:69,0
DA:70,0
DA:77,0
DA:95,0
DA:105,0
DA:117,0
DA:128,0
DA:129,0
DA:132,0
DA:145,0
DA:156,0
DA:157,0
DA:160,0
DA:161,0
DA:162,0
DA:165,0
DA:166,0
DA:167,0
DA:185,0
DA:187,0
DA:188,0
DA:191,0
DA:192,0
DA:195,0
DA:196,0
DA:200,0
DA:201,0
DA:204,0
DA:205,0
DA:208,0
DA:210,0
DA:221,0
DA:223,0
DA:237,0
DA:238,0
DA:243,0
DA:244,0
DA:247,0
DA:248,0
DA:249,0
DA:250,0
DA:252,0
DA:255,0
DA:262,0
DA:263,0
DA:267,0
DA:269,0
DA:270,0
DA:274,0
DA:275,0
DA:276,0
DA:278,0
DA:279,0
DA:280,0
DA:288,0
DA:290,0
DA:291,0
DA:294,0
DA:295,0
DA:296,0
DA:299,0
DA:300,0
DA:301,0
DA:304,0
DA:311,0
DA:312,0
DA:315,0
DA:316,0
DA:319,0
DA:320,0
DA:323,0
DA:324,0
DA:334,0
DA:335,0
DA:338,0
DA:341,0
DA:349,0
DA:358,0
LF:78
LH:0
BRDA:68,0,0,0
BRDA:69,1,0,0
BRDA:69,1,1,0
BRDA:78,2,0,0
BRDA:78,2,1,0
BRDA:81,3,0,0
BRDA:81,3,1,0
BRDA:81,3,2,0
BRDA:92,4,0,0
BRDA:100,5,0,0
BRDA:100,5,1,0
BRDA:115,6,0,0
BRDA:128,7,0,0
BRDA:137,8,0,0
BRDA:137,8,1,0
BRDA:141,9,0,0
BRDA:141,9,1,0
BRDA:145,10,0,0
BRDA:145,10,1,0
BRDA:154,11,0,0
BRDA:156,12,0,0
BRDA:156,13,0,0
BRDA:156,13,1,0
BRDA:162,14,0,0
BRDA:162,14,1,0
BRDA:162,14,2,0
BRDA:165,15,0,0
BRDA:170,16,0,0
BRDA:170,16,1,0
BRDA:178,17,0,0
BRDA:184,18,0,0
BRDA:191,19,0,0
BRDA:191,20,0,0
BRDA:191,20,1,0
BRDA:192,21,0,0
BRDA:192,22,0,0
BRDA:192,22,1,0
BRDA:195,23,0,0
BRDA:200,24,0,0
BRDA:204,25,0,0
BRDA:237,26,0,0
BRDA:243,27,0,0
BRDA:247,28,0,0
BRDA:247,29,0,0
BRDA:247,29,1,0
BRDA:262,30,0,0
BRDA:262,31,0,0
BRDA:262,31,1,0
BRDA:269,32,0,0
BRDA:269,33,0,0
BRDA:269,33,1,0
BRDA:278,34,0,0
BRDA:278,35,0,0
BRDA:278,35,1,0
BRDA:290,36,0,0
BRDA:295,37,0,0
BRDA:295,38,0,0
BRDA:295,38,1,0
BRDA:300,39,0,0
BRDA:300,40,0,0
BRDA:300,40,1,0
BRDA:311,41,0,0
BRDA:315,42,0,0
BRDA:315,43,0,0
BRDA:315,43,1,0
BRDA:323,44,0,0
BRF:66
BRH:0
end_of_record
TN:
SF:src\database\DatabaseService.ts
FN:20,(anonymous_0)
FN:31,(anonymous_1)
FN:58,(anonymous_2)
FN:68,(anonymous_3)
FN:78,(anonymous_4)
FN:88,(anonymous_5)
FN:98,(anonymous_6)
FN:108,(anonymous_7)
FN:118,(anonymous_8)
FN:120,(anonymous_9)
FN:121,(anonymous_10)
FN:143,getDatabaseService
FN:153,initializeDatabaseService
FNF:13
FNH:0
FNDA:0,(anonymous_0)
FNDA:0,(anonymous_1)
FNDA:0,(anonymous_2)
FNDA:0,(anonymous_3)
FNDA:0,(anonymous_4)
FNDA:0,(anonymous_5)
FNDA:0,(anonymous_6)
FNDA:0,(anonymous_7)
FNDA:0,(anonymous_8)
FNDA:0,(anonymous_9)
FNDA:0,(anonymous_10)
FNDA:0,getDatabaseService
FNDA:0,initializeDatabaseService
DA:17,0
DA:18,0
DA:21,0
DA:22,0
DA:23,0
DA:24,0
DA:25,0
DA:26,0
DA:32,0
DA:33,0
DA:37,0
DA:38,0
DA:41,0
DA:42,0
DA:45,0
DA:48,0
DA:49,0
DA:52,0
DA:59,0
DA:60,0
DA:62,0
DA:69,0
DA:70,0
DA:72,0
DA:79,0
DA:80,0
DA:82,0
DA:89,0
DA:90,0
DA:92,0
DA:99,0
DA:100,0
DA:102,0
DA:109,0
DA:110,0
DA:112,0
DA:119,0
DA:120,0
DA:121,0
DA:122,0
DA:123,0
DA:127,0
DA:128,0
DA:129,0
DA:130,0
DA:131,0
DA:132,0
DA:138,0
DA:144,0
DA:145,0
DA:147,0
DA:154,0
DA:155,0
DA:156,0
LF:54
LH:0
BRDA:32,0,0,0
BRDA:59,1,0,0
BRDA:69,2,0,0
BRDA:79,3,0,0
BRDA:89,4,0,0
BRDA:99,5,0,0
BRDA:109,6,0,0
BRDA:119,7,0,0
BRDA:122,8,0,0
BRDA:122,8,1,0
BRDA:144,9,0,0
BRF:11
BRH:0
end_of_record
TN:
SF:src\middleware\auth.ts
FN:35,(anonymous_0)
FN:38,(anonymous_1)
FN:104,(anonymous_2)
FN:108,(anonymous_3)
FN:116,(anonymous_4)
FN:148,(anonymous_5)
FN:152,(anonymous_6)
FN:160,(anonymous_7)
FN:194,(anonymous_8)
FN:197,(anonymous_9)
FN:243,(anonymous_10)
FN:252,(anonymous_11)
FN:310,validateToken
FN:330,validateApiKey
FNF:14
FNH:0
FNDA:0,(anonymous_0)
FNDA:0,(anonymous_1)
FNDA:0,(anonymous_2)
FNDA:0,(anonymous_3)
FNDA:0,(anonymous_4)
FNDA:0,(anonymous_5)
FNDA:0,(anonymous_6)
FNDA:0,(anonymous_7)
FNDA:0,(anonymous_8)
FNDA:0,(anonymous_9)
FNDA:0,(anonymous_10)
FNDA:0,(anonymous_11)
FNDA:0,validateToken
FNDA:0,validateApiKey
DA:35,0
DA:36,0
DA:38,0
DA:39,0
DA:40,0
DA:43,0
DA:44,0
DA:47,0
DA:48,0
DA:51,0
DA:52,0
DA:53,0
DA:56,0
DA:57,0
DA:58,0
DA:68,0
DA:70,0
DA:71,0
DA:74,0
DA:75,0
DA:79,0
DA:81,0
DA:88,0
DA:90,0
DA:96,0
DA:104,0
DA:105,0
DA:106,0
DA:108,0
DA:109,0
DA:110,0
DA:112,0
DA:113,0
DA:116,0
DA:118,0
DA:119,0
DA:126,0
DA:131,0
DA:138,0
DA:140,0
DA:148,0
DA:149,0
DA:150,0
DA:152,0
DA:153,0
DA:154,0
DA:156,0
DA:157,0
DA:160,0
DA:161,0
DA:164,0
DA:165,0
DA:172,0
DA:177,0
DA:184,0
DA:186,0
DA:194,0
DA:195,0
DA:197,0
DA:198,0
DA:199,0
DA:201,0
DA:202,0
DA:206,0
DA:208,0
DA:209,0
DA:213,0
DA:221,0
DA:223,0
DA:228,0
DA:230,0
DA:235,0
DA:243,0
DA:249,0
DA:250,0
DA:252,0
DA:253,0
DA:254,0
DA:257,0
DA:258,0
DA:259,0
DA:263,0
DA:265,0
DA:266,0
DA:267,0
DA:272,0
DA:275,0
DA:276,0
DA:277,0
DA:282,0
DA:285,0
DA:286,0
DA:292,0
DA:293,0
DA:294,0
DA:297,0
DA:299,0
DA:305,0
DA:314,0
DA:315,0
DA:319,0
DA:333,0
DA:334,0
LF:103
LH:0
BRDA:35,0,0,0
BRDA:36,1,0,0
BRDA:36,1,1,0
BRDA:43,2,0,0
BRDA:43,3,0,0
BRDA:43,3,1,0
BRDA:47,4,0,0
BRDA:52,5,0,0
BRDA:52,6,0,0
BRDA:52,6,1,0
BRDA:57,7,0,0
BRDA:70,8,0,0
BRDA:74,9,0,0
BRDA:91,10,0,0
BRDA:91,10,1,0
BRDA:104,11,0,0
BRDA:105,12,0,0
BRDA:105,12,1,0
BRDA:106,13,0,0
BRDA:106,13,1,0
BRDA:112,14,0,0
BRDA:118,15,0,0
BRDA:148,16,0,0
BRDA:149,17,0,0
BRDA:149,17,1,0
BRDA:150,18,0,0
BRDA:150,18,1,0
BRDA:156,19,0,0
BRDA:164,20,0,0
BRDA:194,21,0,0
BRDA:195,22,0,0
BRDA:195,22,1,0
BRDA:201,23,0,0
BRDA:208,24,0,0
BRDA:231,25,0,0
BRDA:231,25,1,0
BRDA:250,26,0,0
BRDA:253,27,0,0
BRDA:253,27,1,0
BRDA:253,28,0,0
BRDA:253,28,1,0
BRDA:258,29,0,0
BRDA:265,30,0,0
BRDA:275,31,0,0
BRDA:285,32,0,0
BRDA:314,33,0,0
BRF:46
BRH:0
end_of_record
TN:
SF:src\middleware\authentication.ts
FN:7,(anonymous_0)
FN:35,(anonymous_1)
FN:43,(anonymous_2)
FN:56,(anonymous_3)
FN:87,(anonymous_4)
FN:118,(anonymous_5)
FN:148,(anonymous_6)
FN:160,(anonymous_7)
FN:161,(anonymous_8)
FN:167,(anonymous_9)
FN:174,(anonymous_10)
FN:191,(anonymous_11)
FN:227,(anonymous_12)
FN:228,(anonymous_13)
FN:254,(anonymous_14)
FN:255,(anonymous_15)
FN:286,(anonymous_16)
FN:304,(anonymous_17)
FNF:18
FNH:0
FNDA:0,(anonymous_0)
FNDA:0,(anonymous_1)
FNDA:0,(anonymous_2)
FNDA:0,(anonymous_3)
FNDA:0,(anonymous_4)
FNDA:0,(anonymous_5)
FNDA:0,(anonymous_6)
FNDA:0,(anonymous_7)
FNDA:0,(anonymous_8)
FNDA:0,(anonymous_9)
FNDA:0,(anonymous_10)
FNDA:0,(anonymous_11)
FNDA:0,(anonymous_12)
FNDA:0,(anonymous_13)
FNDA:0,(anonymous_14)
FNDA:0,(anonymous_15)
FNDA:0,(anonymous_16)
FNDA:0,(anonymous_17)
DA:7,0
DA:8,0
DA:9,0
DA:10,0
DA:32,0
DA:33,0
DA:37,0
DA:44,0
DA:49,0
DA:50,0
DA:62,0
DA:63,0
DA:65,0
DA:69,0
DA:80,0
DA:81,0
DA:88,0
DA:90,0
DA:98,0
DA:105,0
DA:111,0
DA:119,0
DA:121,0
DA:122,0
DA:126,0
DA:127,0
DA:131,0
DA:132,0
DA:136,0
DA:139,0
DA:140,0
DA:142,0
DA:149,0
DA:150,0
DA:151,0
DA:152,0
DA:154,0
DA:161,0
DA:168,0
DA:175,0
DA:176,0
DA:177,0
DA:180,0
DA:186,0
DA:191,0
DA:193,0
DA:194,0
DA:198,0
DA:202,0
DA:203,0
DA:207,0
DA:210,0
DA:211,0
DA:212,0
DA:216,0
DA:220,0
DA:221,0
DA:227,0
DA:228,0
DA:229,0
DA:231,0
DA:232,0
DA:236,0
DA:239,0
DA:240,0
DA:244,0
DA:247,0
DA:254,0
DA:255,0
DA:256,0
DA:258,0
DA:259,0
DA:263,0
DA:267,0
DA:268,0
DA:271,0
DA:272,0
DA:276,0
DA:279,0
DA:286,0
DA:287,0
DA:291,0
DA:292,0
DA:293,0
DA:294,0
DA:298,0
DA:304,0
DA:305,0
LF:88
LH:0
BRDA:7,0,0,0
BRDA:7,0,1,0
BRDA:59,1,0,0
BRDA:65,2,0,0
BRDA:65,2,1,0
BRDA:88,3,0,0
BRDA:88,3,1,0
BRDA:88,3,2,0
BRDA:88,3,3,0
BRDA:121,4,0,0
BRDA:126,5,0,0
BRDA:131,6,0,0
BRDA:131,7,0,0
BRDA:131,7,1,0
BRDA:139,8,0,0
BRDA:139,8,1,0
BRDA:150,9,0,0
BRDA:168,10,0,0
BRDA:168,10,1,0
BRDA:176,11,0,0
BRDA:176,12,0,0
BRDA:176,12,1,0
BRDA:180,13,0,0
BRDA:180,13,1,0
BRDA:193,14,0,0
BRDA:193,15,0,0
BRDA:193,15,1,0
BRDA:193,15,2,0
BRDA:198,16,0,0
BRDA:198,16,1,0
BRDA:198,16,2,0
BRDA:202,17,0,0
BRDA:211,18,0,0
BRDA:231,19,0,0
BRDA:239,20,0,0
BRDA:258,21,0,0
BRDA:267,22,0,0
BRDA:271,23,0,0
BRDA:287,24,0,0
BRDA:287,24,1,0
BRDA:287,24,2,0
BRDA:291,25,0,0
BRDA:293,26,0,0
BRDA:305,27,0,0
BRDA:305,27,1,0
BRF:45
BRH:0
end_of_record
TN:
SF:src\middleware\requestLogger.ts
FN:46,(anonymous_0)
FN:59,(anonymous_1)
FN:109,(anonymous_2)
FN:115,(anonymous_3)
FN:121,(anonymous_4)
FN:166,(anonymous_5)
FN:167,(anonymous_6)
FN:170,(anonymous_7)
FN:186,sanitizeRequestHeaders
FN:198,(anonymous_9)
FN:207,sanitizeResponseHeaders
FN:216,(anonymous_11)
FN:225,sanitizeRequestBody
FN:243,(anonymous_13)
FN:248,(anonymous_14)
FN:249,(anonymous_15)
FN:262,sanitizeResponseBody
FN:271,(anonymous_17)
FN:276,(anonymous_18)
FN:277,(anonymous_19)
FN:290,getResponseLogLevel
FN:297,logMessage
FN:316,generateCorrelationId
FNF:23
FNH:0
FNDA:0,(anonymous_0)
FNDA:0,(anonymous_1)
FNDA:0,(anonymous_2)
FNDA:0,(anonymous_3)
FNDA:0,(anonymous_4)
FNDA:0,(anonymous_5)
FNDA:0,(anonymous_6)
FNDA:0,(anonymous_7)
FNDA:0,sanitizeRequestHeaders
FNDA:0,(anonymous_9)
FNDA:0,sanitizeResponseHeaders
FNDA:0,(anonymous_11)
FNDA:0,sanitizeRequestBody
FNDA:0,(anonymous_13)
FNDA:0,(anonymous_14)
FNDA:0,(anonymous_15)
FNDA:0,sanitizeResponseBody
FNDA:0,(anonymous_17)
FNDA:0,(anonymous_18)
FNDA:0,(anonymous_19)
FNDA:0,getResponseLogLevel
FNDA:0,logMessage
FNDA:0,generateCorrelationId
DA:46,0
DA:57,0
DA:59,0
DA:60,0
DA:63,0
DA:64,0
DA:68,0
DA:69,0
DA:72,0
DA:84,0
DA:85,0
DA:89,0
DA:90,0
DA:91,0
DA:92,0
DA:94,0
DA:95,0
DA:97,0
DA:101,0
DA:104,0
DA:105,0
DA:109,0
DA:110,0
DA:111,0
DA:115,0
DA:116,0
DA:117,0
DA:121,0
DA:122,0
DA:124,0
DA:132,0
DA:133,0
DA:137,0
DA:138,0
DA:139,0
DA:140,0
DA:142,0
DA:143,0
DA:145,0
DA:149,0
DA:151,0
DA:159,0
DA:166,0
DA:167,0
DA:168,0
DA:170,0
DA:171,0
DA:172,0
DA:174,0
DA:175,0
DA:177,0
DA:181,0
DA:187,0
DA:196,0
DA:198,0
DA:199,0
DA:200,0
DA:204,0
DA:208,0
DA:214,0
DA:216,0
DA:217,0
DA:218,0
DA:222,0
DA:226,0
DA:227,0
DA:230,0
DA:241,0
DA:243,0
DA:244,0
DA:246,0
DA:248,0
DA:249,0
DA:250,0
DA:251,0
DA:252,0
DA:256,0
DA:259,0
DA:263,0
DA:264,0
DA:268,0
DA:269,0
DA:271,0
DA:272,0
DA:274,0
DA:276,0
DA:277,0
DA:278,0
DA:279,0
DA:280,0
DA:284,0
DA:287,0
DA:291,0
DA:292,0
DA:293,0
DA:294,0
DA:298,0
DA:300,0
DA:301,0
DA:303,0
DA:304,0
DA:306,0
DA:307,0
DA:309,0
DA:310,0
DA:312,0
DA:317,0
LF:107
LH:0
BRDA:46,0,0,0
BRDA:48,1,0,0
BRDA:49,2,0,0
BRDA:50,3,0,0
BRDA:51,4,0,0
BRDA:52,5,0,0
BRDA:53,6,0,0
BRDA:54,7,0,0
BRDA:55,8,0,0
BRDA:56,9,0,0
BRDA:63,10,0,0
BRDA:63,11,0,0
BRDA:63,11,1,0
BRDA:68,12,0,0
BRDA:68,12,1,0
BRDA:77,13,0,0
BRDA:77,13,1,0
BRDA:77,13,2,0
BRDA:84,14,0,0
BRDA:85,15,0,0
BRDA:85,15,1,0
BRDA:89,16,0,0
BRDA:89,17,0,0
BRDA:89,17,1,0
BRDA:91,18,0,0
BRDA:94,19,0,0
BRDA:94,20,0,0
BRDA:94,20,1,0
BRDA:132,21,0,0
BRDA:133,22,0,0
BRDA:133,22,1,0
BRDA:137,23,0,0
BRDA:137,24,0,0
BRDA:137,24,1,0
BRDA:139,25,0,0
BRDA:139,26,0,0
BRDA:139,26,1,0
BRDA:142,27,0,0
BRDA:142,28,0,0
BRDA:142,28,1,0
BRDA:166,29,0,0
BRDA:174,30,0,0
BRDA:174,30,1,0
BRDA:199,31,0,0
BRDA:217,32,0,0
BRDA:226,33,0,0
BRDA:226,34,0,0
BRDA:226,34,1,0
BRDA:241,35,0,0
BRDA:241,35,1,0
BRDA:244,36,0,0
BRDA:244,37,0,0
BRDA:244,37,1,0
BRDA:246,38,0,0
BRDA:246,38,1,0
BRDA:249,39,0,0
BRDA:249,39,1,0
BRDA:251,40,0,0
BRDA:251,41,0,0
BRDA:251,41,1,0
BRDA:263,42,0,0
BRDA:263,43,0,0
BRDA:263,43,1,0
BRDA:269,44,0,0
BRDA:269,44,1,0
BRDA:272,45,0,0
BRDA:272,46,0,0
BRDA:272,46,1,0
BRDA:274,47,0,0
BRDA:274,47,1,0
BRDA:277,48,0,0
BRDA:277,48,1,0
BRDA:279,49,0,0
BRDA:279,50,0,0
BRDA:279,50,1,0
BRDA:291,51,0,0
BRDA:292,52,0,0
BRDA:293,53,0,0
BRDA:298,54,0,0
BRDA:298,54,1,0
BRDA:298,54,2,0
BRDA:298,54,3,0
BRDA:298,54,4,0
BRF:83
BRH:0
end_of_record
TN:
SF:src\middleware\security.ts
FN:34,(anonymous_0)
FN:41,(anonymous_1)
FN:82,(anonymous_2)
FN:118,(anonymous_3)
FN:163,(anonymous_4)
FN:187,(anonymous_5)
FN:198,(anonymous_6)
FN:217,(anonymous_7)
FN:246,(anonymous_8)
FNF:9
FNH:0
FNDA:0,(anonymous_0)
FNDA:0,(anonymous_1)
FNDA:0,(anonymous_2)
FNDA:0,(anonymous_3)
FNDA:0,(anonymous_4)
FNDA:0,(anonymous_5)
FNDA:0,(anonymous_6)
FNDA:0,(anonymous_7)
FNDA:0,(anonymous_8)
DA:9,0
DA:34,0
DA:35,0
DA:42,0
DA:54,0
DA:63,0
DA:72,0
DA:82,0
DA:84,0
DA:85,0
DA:90,0
DA:91,0
DA:93,0
DA:94,0
DA:95,0
DA:96,0
DA:97,0
DA:101,0
DA:104,0
DA:108,0
DA:112,0
DA:118,0
DA:119,0
DA:121,0
DA:122,0
DA:123,0
DA:124,0
DA:126,0
DA:127,0
DA:129,0
DA:132,0
DA:139,0
DA:140,0
DA:141,0
DA:142,0
DA:143,0
DA:144,0
DA:145,0
DA:151,0
DA:153,0
DA:163,0
DA:164,0
DA:167,0
DA:178,0
DA:186,0
DA:187,0
DA:189,0
DA:190,0
DA:198,0
DA:199,0
DA:202,0
DA:203,0
DA:211,0
DA:217,0
DA:218,0
DA:219,0
DA:221,0
DA:223,0
DA:226,0
DA:227,0
DA:229,0
DA:230,0
DA:234,0
DA:236,0
DA:246,0
DA:247,0
DA:248,0
DA:250,0
DA:251,0
DA:255,0
DA:259,0
LF:71
LH:0
BRDA:38,0,0,0
BRDA:38,0,1,0
BRDA:44,1,0,0
BRDA:44,1,1,0
BRDA:84,2,0,0
BRDA:84,3,0,0
BRDA:84,3,1,0
BRDA:90,4,0,0
BRDA:90,4,1,0
BRDA:93,5,0,0
BRDA:93,6,0,0
BRDA:93,6,1,0
BRDA:96,7,0,0
BRDA:121,8,0,0
BRDA:123,9,0,0
BRDA:124,10,0,0
BRDA:124,10,1,0
BRDA:127,11,0,0
BRDA:127,11,1,0
BRDA:127,12,0,0
BRDA:127,12,1,0
BRDA:139,13,0,0
BRDA:139,14,0,0
BRDA:139,14,1,0
BRDA:139,14,2,0
BRDA:141,15,0,0
BRDA:142,16,0,0
BRDA:142,16,1,0
BRDA:144,17,0,0
BRDA:144,18,0,0
BRDA:144,18,1,0
BRDA:155,19,0,0
BRDA:155,19,1,0
BRDA:169,20,0,0
BRDA:169,20,1,0
BRDA:189,21,0,0
BRDA:193,22,0,0
BRDA:193,22,1,0
BRDA:202,23,0,0
BRDA:219,24,0,0
BRDA:219,24,1,0
BRDA:221,25,0,0
BRDA:221,26,0,0
BRDA:221,26,1,0
BRDA:226,27,0,0
BRDA:229,28,0,0
BRDA:238,29,0,0
BRDA:238,29,1,0
BRDA:247,30,0,0
BRDA:247,31,0,0
BRDA:247,31,1,0
BRDA:247,31,2,0
BRDA:250,32,0,0
BRDA:250,33,0,0
BRDA:250,33,1,0
BRF:55
BRH:0
end_of_record
TN:
SF:src\middleware\validation.ts
FN:37,(anonymous_0)
FN:40,(anonymous_1)
FN:89,(anonymous_2)
FN:97,(anonymous_3)
FN:139,(anonymous_4)
FN:152,(anonymous_5)
FN:201,(anonymous_6)
FN:202,(anonymous_7)
FN:218,validateObject
FN:221,(anonymous_9)
FN:285,validateType
FN:339,validateRange
FN:375,sanitizeObject
FN:385,(anonymous_13)
FN:390,(anonymous_14)
FN:399,sanitizeString
FN:429,isValidEmail
FN:434,isValidUrl
FN:443,isValidDate
FNF:19
FNH:0
FNDA:0,(anonymous_0)
FNDA:0,(anonymous_1)
FNDA:0,(anonymous_2)
FNDA:0,(anonymous_3)
FNDA:0,(anonymous_4)
FNDA:0,(anonymous_5)
FNDA:0,(anonymous_6)
FNDA:0,(anonymous_7)
FNDA:0,validateObject
FNDA:0,(anonymous_9)
FNDA:0,validateType
FNDA:0,validateRange
FNDA:0,sanitizeObject
FNDA:0,(anonymous_13)
FNDA:0,(anonymous_14)
FNDA:0,sanitizeString
FNDA:0,isValidEmail
FNDA:0,isValidUrl
FNDA:0,isValidDate
DA:37,0
DA:38,0
DA:40,0
DA:41,0
DA:42,0
DA:45,0
DA:46,0
DA:47,0
DA:51,0
DA:52,0
DA:53,0
DA:57,0
DA:58,0
DA:59,0
DA:62,0
DA:63,0
DA:70,0
DA:73,0
DA:79,0
DA:81,0
DA:89,0
DA:95,0
DA:97,0
DA:98,0
DA:100,0
DA:101,0
DA:110,0
DA:111,0
DA:120,0
DA:121,0
DA:129,0
DA:131,0
DA:139,0
DA:150,0
DA:152,0
DA:153,0
DA:154,0
DA:156,0
DA:157,0
DA:160,0
DA:161,0
DA:164,0
DA:165,0
DA:168,0
DA:170,0
DA:171,0
DA:177,0
DA:178,0
DA:184,0
DA:185,0
DA:191,0
DA:193,0
DA:201,0
DA:202,0
DA:204,0
DA:213,0
DA:219,0
DA:221,0
DA:222,0
DA:223,0
DA:226,0
DA:227,0
DA:230,0
DA:231,0
DA:232,0
DA:235,0
DA:236,0
DA:237,0
DA:241,0
DA:242,0
DA:246,0
DA:247,0
DA:248,0
DA:249,0
DA:253,0
DA:254,0
DA:255,0
DA:256,0
DA:261,0
DA:262,0
DA:263,0
DA:268,0
DA:269,0
DA:273,0
DA:274,0
DA:275,0
DA:276,0
DA:277,0
DA:282,0
DA:286,0
DA:288,0
DA:289,0
DA:291,0
DA:294,0
DA:295,0
DA:297,0
DA:300,0
DA:301,0
DA:303,0
DA:306,0
DA:307,0
DA:309,0
DA:312,0
DA:313,0
DA:315,0
DA:318,0
DA:319,0
DA:321,0
DA:324,0
DA:325,0
DA:327,0
DA:330,0
DA:331,0
DA:333,0
DA:336,0
DA:348,0
DA:350,0
DA:351,0
DA:353,0
DA:354,0
DA:356,0
DA:357,0
DA:359,0
DA:362,0
DA:363,0
DA:364,0
DA:367,0
DA:368,0
DA:369,0
DA:372,0
DA:376,0
DA:377,0
DA:380,0
DA:381,0
DA:384,0
DA:385,0
DA:388,0
DA:389,0
DA:390,0
DA:391,0
DA:393,0
DA:396,0
DA:400,0
DA:403,0
DA:404,0
DA:408,0
DA:409,0
DA:411,0
DA:412,0
DA:413,0
DA:416,0
DA:421,0
DA:422,0
DA:425,0
DA:430,0
DA:431,0
DA:435,0
DA:436,0
DA:437,0
DA:439,0
DA:444,0
DA:445,0
DA:448,0
DA:449,0
DA:450,0
DA:453,0
LF:166
LH:0
BRDA:37,0,0,0
BRDA:38,1,0,0
BRDA:38,1,1,0
BRDA:45,2,0,0
BRDA:51,3,0,0
BRDA:57,4,0,0
BRDA:62,5,0,0
BRDA:89,6,0,0
BRDA:91,7,0,0
BRDA:92,8,0,0
BRDA:93,9,0,0
BRDA:94,10,0,0
BRDA:100,11,0,0
BRDA:110,12,0,0
BRDA:120,13,0,0
BRDA:146,14,0,0
BRDA:147,15,0,0
BRDA:148,16,0,0
BRDA:149,17,0,0
BRDA:156,18,0,0
BRDA:156,19,0,0
BRDA:156,19,1,0
BRDA:156,19,2,0
BRDA:160,20,0,0
BRDA:160,21,0,0
BRDA:160,21,1,0
BRDA:164,22,0,0
BRDA:170,23,0,0
BRDA:177,24,0,0
BRDA:184,25,0,0
BRDA:184,26,0,0
BRDA:184,26,1,0
BRDA:184,26,2,0
BRDA:221,27,0,0
BRDA:221,28,0,0
BRDA:221,28,1,0
BRDA:226,29,0,0
BRDA:235,30,0,0
BRDA:235,31,0,0
BRDA:235,31,1,0
BRDA:235,31,2,0
BRDA:235,31,3,0
BRDA:241,32,0,0
BRDA:241,33,0,0
BRDA:241,33,1,0
BRDA:247,34,0,0
BRDA:253,35,0,0
BRDA:253,36,0,0
BRDA:253,36,1,0
BRDA:255,37,0,0
BRDA:261,38,0,0
BRDA:261,39,0,0
BRDA:261,39,1,0
BRDA:262,40,0,0
BRDA:268,41,0,0
BRDA:268,42,0,0
BRDA:268,42,1,0
BRDA:273,43,0,0
BRDA:275,44,0,0
BRDA:276,45,0,0
BRDA:276,45,1,0
BRDA:286,46,0,0
BRDA:286,46,1,0
BRDA:286,46,2,0
BRDA:286,46,3,0
BRDA:286,46,4,0
BRDA:286,46,5,0
BRDA:286,46,6,0
BRDA:286,46,7,0
BRDA:288,47,0,0
BRDA:294,48,0,0
BRDA:294,49,0,0
BRDA:294,49,1,0
BRDA:300,50,0,0
BRDA:300,51,0,0
BRDA:300,51,1,0
BRDA:300,51,2,0
BRDA:306,52,0,0
BRDA:312,53,0,0
BRDA:312,54,0,0
BRDA:312,54,1,0
BRDA:312,54,2,0
BRDA:318,55,0,0
BRDA:318,56,0,0
BRDA:318,56,1,0
BRDA:324,57,0,0
BRDA:324,58,0,0
BRDA:324,58,1,0
BRDA:330,59,0,0
BRDA:348,60,0,0
BRDA:348,60,1,0
BRDA:348,60,2,0
BRDA:348,60,3,0
BRDA:362,61,0,0
BRDA:362,62,0,0
BRDA:362,62,1,0
BRDA:363,63,0,0
BRDA:363,63,1,0
BRDA:367,64,0,0
BRDA:367,65,0,0
BRDA:367,65,1,0
BRDA:368,66,0,0
BRDA:368,66,1,0
BRDA:376,67,0,0
BRDA:376,68,0,0
BRDA:376,68,1,0
BRDA:380,69,0,0
BRDA:384,70,0,0
BRDA:388,71,0,0
BRDA:403,72,0,0
BRDA:408,73,0,0
BRDA:409,74,0,0
BRDA:409,74,1,0
BRDA:409,75,0,0
BRDA:409,75,1,0
BRDA:421,76,0,0
BRDA:421,77,0,0
BRDA:421,77,1,0
BRDA:444,78,0,0
BRDA:448,79,0,0
BRF:120
BRH:0
end_of_record
TN:
SF:src\models\QueueItem.ts
FN:5,(anonymous_0)
FN:13,(anonymous_1)
FNF:2
FNH:0
FNDA:0,(anonymous_0)
FNDA:0,(anonymous_1)
DA:5,0
DA:6,0
DA:7,0
DA:8,0
DA:9,0
DA:10,0
DA:13,0
DA:14,0
DA:15,0
DA:16,0
DA:17,0
LF:11
LH:0
BRDA:5,0,0,0
BRDA:5,0,1,0
BRDA:13,1,0,0
BRDA:13,1,1,0
BRF:4
BRH:0
end_of_record
TN:
SF:src\repositories\BaseRepository.ts
FN:12,(anonymous_0)
FN:30,(anonymous_1)
FN:37,(anonymous_2)
FN:45,(anonymous_3)
FN:49,(anonymous_4)
FN:67,(anonymous_5)
FN:77,(anonymous_6)
FN:94,(anonymous_7)
FN:101,(anonymous_8)
FN:115,(anonymous_9)
FN:118,(anonymous_10)
FN:123,(anonymous_11)
FN:126,(anonymous_12)
FN:139,(anonymous_13)
FN:142,(anonymous_14)
FN:157,(anonymous_15)
FN:167,(anonymous_16)
FN:174,(anonymous_17)
FNF:18
FNH:0
FNDA:0,(anonymous_0)
FNDA:0,(anonymous_1)
FNDA:0,(anonymous_2)
FNDA:0,(anonymous_3)
FNDA:0,(anonymous_4)
FNDA:0,(anonymous_5)
FNDA:0,(anonymous_6)
FNDA:0,(anonymous_7)
FNDA:0,(anonymous_8)
FNDA:0,(anonymous_9)
FNDA:0,(anonymous_10)
FNDA:0,(anonymous_11)
FNDA:0,(anonymous_12)
FNDA:0,(anonymous_13)
FNDA:0,(anonymous_14)
FNDA:0,(anonymous_15)
FNDA:0,(anonymous_16)
FNDA:0,(anonymous_17)
DA:13,0
DA:14,0
DA:31,0
DA:38,0
DA:39,0
DA:42,0
DA:43,0
DA:45,0
DA:46,0
DA:47,0
DA:48,0
DA:49,0
DA:50,0
DA:51,0
DA:53,0
DA:54,0
DA:58,0
DA:68,0
DA:69,0
DA:71,0
DA:78,0
DA:79,0
DA:81,0
DA:82,0
DA:83,0
DA:85,0
DA:86,0
DA:87,0
DA:91,0
DA:95,0
DA:96,0
DA:97,0
DA:98,0
DA:102,0
DA:103,0
DA:104,0
DA:106,0
DA:113,0
DA:114,0
DA:115,0
DA:119,0
DA:120,0
DA:124,0
DA:125,0
DA:126,0
DA:127,0
DA:129,0
DA:130,0
DA:132,0
DA:133,0
DA:134,0
DA:136,0
DA:140,0
DA:141,0
DA:142,0
DA:143,0
DA:145,0
DA:146,0
DA:148,0
DA:150,0
DA:151,0
DA:152,0
DA:154,0
DA:158,0
DA:159,0
DA:160,0
DA:162,0
DA:163,0
DA:168,0
DA:169,0
DA:170,0
DA:171,0
DA:175,0
DA:176,0
DA:177,0
DA:178,0
LF:76
LH:0
BRDA:38,0,0,0
BRDA:38,1,0,0
BRDA:38,1,1,0
BRDA:46,2,0,0
BRDA:46,2,1,0
BRDA:48,3,0,0
BRDA:48,3,1,0
BRDA:68,4,0,0
BRDA:81,5,0,0
BRDA:85,6,0,0
BRDA:98,7,0,0
BRDA:98,7,1,0
BRDA:120,8,0,0
BRDA:120,8,1,0
BRDA:133,9,0,0
BRDA:151,10,0,0
BRDA:162,11,0,0
BRDA:171,12,0,0
BRDA:171,12,1,0
BRF:19
BRH:0
end_of_record
TN:
SF:src\repositories\ConfigRepository.ts
FN:10,(anonymous_0)
FN:14,(anonymous_1)
FN:18,(anonymous_2)
FN:26,(anonymous_3)
FN:38,(anonymous_4)
FN:45,(anonymous_5)
FN:53,(anonymous_6)
FN:66,(anonymous_7)
FN:74,(anonymous_8)
FN:79,(anonymous_9)
FN:89,(anonymous_10)
FN:103,(anonymous_11)
FN:107,(anonymous_12)
FN:117,(anonymous_13)
FN:124,(anonymous_14)
FN:131,(anonymous_15)
FN:134,(anonymous_16)
FN:140,(anonymous_17)
FN:143,(anonymous_18)
FN:149,(anonymous_19)
FN:150,(anonymous_20)
FN:160,(anonymous_21)
FN:163,(anonymous_22)
FN:179,(anonymous_23)
FNF:24
FNH:0
FNDA:0,(anonymous_0)
FNDA:0,(anonymous_1)
FNDA:0,(anonymous_2)
FNDA:0,(anonymous_3)
FNDA:0,(anonymous_4)
FNDA:0,(anonymous_5)
FNDA:0,(anonymous_6)
FNDA:0,(anonymous_7)
FNDA:0,(anonymous_8)
FNDA:0,(anonymous_9)
FNDA:0,(anonymous_10)
FNDA:0,(anonymous_11)
FNDA:0,(anonymous_12)
FNDA:0,(anonymous_13)
FNDA:0,(anonymous_14)
FNDA:0,(anonymous_15)
FNDA:0,(anonymous_16)
FNDA:0,(anonymous_17)
FNDA:0,(anonymous_18)
FNDA:0,(anonymous_19)
FNDA:0,(anonymous_20)
FNDA:0,(anonymous_21)
FNDA:0,(anonymous_22)
FNDA:0,(anonymous_23)
DA:11,0
DA:15,0
DA:19,0
DA:27,0
DA:29,0
DA:30,0
DA:32,0
DA:39,0
DA:46,0
DA:47,0
DA:54,0
DA:56,0
DA:57,0
DA:59,0
DA:67,0
DA:71,0
DA:74,0
DA:75,0
DA:79,0
DA:80,0
DA:83,0
DA:90,0
DA:92,0
DA:93,0
DA:94,0
DA:97,0
DA:104,0
DA:105,0
DA:107,0
DA:108,0
DA:111,0
DA:118,0
DA:125,0
DA:132,0
DA:133,0
DA:134,0
DA:141,0
DA:142,0
DA:143,0
DA:150,0
DA:151,0
DA:152,0
DA:161,0
DA:162,0
DA:163,0
DA:164,0
DA:166,0
DA:167,0
DA:169,0
DA:170,0
DA:171,0
DA:173,0
DA:181,0
DA:182,0
DA:186,0
DA:187,0
DA:188,0
DA:191,0
LF:58
LH:0
BRDA:29,0,0,0
BRDA:30,1,0,0
BRDA:47,2,0,0
BRDA:47,2,1,0
BRDA:56,3,0,0
BRDA:56,3,1,0
BRDA:170,4,0,0
BRDA:181,5,0,0
BRDA:181,6,0,0
BRDA:181,6,1,0
BRDA:187,7,0,0
BRF:11
BRH:0
end_of_record
TN:
SF:src\repositories\ConnectionPool.ts
FN:28,(anonymous_0)
FN:40,(anonymous_1)
FN:43,(anonymous_2)
FN:44,(anonymous_3)
FN:57,(anonymous_4)
FN:75,(anonymous_5)
FN:76,(anonymous_6)
FN:77,(anonymous_7)
FN:85,(anonymous_8)
FN:89,(anonymous_9)
FN:101,(anonymous_10)
FN:121,(anonymous_11)
FN:133,(anonymous_12)
FN:148,(anonymous_13)
FN:152,(anonymous_14)
FN:158,(anonymous_15)
FN:170,(anonymous_16)
FN:171,(anonymous_17)
FN:172,(anonymous_18)
FN:185,(anonymous_19)
FN:206,(anonymous_20)
FN:207,(anonymous_21)
FN:212,(anonymous_22)
FNF:23
FNH:0
FNDA:0,(anonymous_0)
FNDA:0,(anonymous_1)
FNDA:0,(anonymous_2)
FNDA:0,(anonymous_3)
FNDA:0,(anonymous_4)
FNDA:0,(anonymous_5)
FNDA:0,(anonymous_6)
FNDA:0,(anonymous_7)
FNDA:0,(anonymous_8)
FNDA:0,(anonymous_9)
FNDA:0,(anonymous_10)
FNDA:0,(anonymous_11)
FNDA:0,(anonymous_12)
FNDA:0,(anonymous_13)
FNDA:0,(anonymous_14)
FNDA:0,(anonymous_15)
FNDA:0,(anonymous_16)
FNDA:0,(anonymous_17)
FNDA:0,(anonymous_18)
FNDA:0,(anonymous_19)
FNDA:0,(anonymous_20)
FNDA:0,(anonymous_21)
FNDA:0,(anonymous_22)
DA:17,0
DA:18,0
DA:19,0
DA:26,0
DA:29,0
DA:42,0
DA:43,0
DA:44,0
DA:45,0
DA:46,0
DA:51,0
DA:58,0
DA:59,0
DA:63,0
DA:64,0
DA:68,0
DA:69,0
DA:70,0
DA:71,0
DA:75,0
DA:76,0
DA:77,0
DA:78,0
DA:79,0
DA:81,0
DA:84,0
DA:86,0
DA:87,0
DA:90,0
DA:91,0
DA:102,0
DA:103,0
DA:104,0
DA:108,0
DA:109,0
DA:110,0
DA:111,0
DA:115,0
DA:122,0
DA:123,0
DA:124,0
DA:126,0
DA:138,0
DA:149,0
DA:152,0
DA:153,0
DA:155,0
DA:158,0
DA:159,0
DA:162,0
DA:163,0
DA:164,0
DA:171,0
DA:172,0
DA:173,0
DA:174,0
DA:176,0
DA:187,0
DA:188,0
DA:189,0
DA:193,0
DA:194,0
DA:195,0
DA:207,0
DA:208,0
DA:211,0
DA:212,0
DA:213,0
DA:214,0
DA:215,0
DA:217,0
LF:71
LH:0
BRDA:45,0,0,0
BRDA:45,0,1,0
BRDA:58,1,0,0
BRDA:63,2,0,0
BRDA:68,3,0,0
BRDA:78,4,0,0
BRDA:102,5,0,0
BRDA:108,6,0,0
BRDA:173,7,0,0
BRDA:173,7,1,0
BRDA:188,8,0,0
BRDA:194,9,0,0
BRDA:208,10,0,0
BRDA:213,11,0,0
BRF:14
BRH:0
end_of_record
TN:
SF:src\repositories\DatabaseConnection.ts
FN:12,(anonymous_0)
FN:16,(anonymous_1)
FN:17,(anonymous_2)
FN:18,(anonymous_3)
FN:28,(anonymous_4)
FN:29,(anonymous_5)
FN:30,(anonymous_6)
FN:40,(anonymous_7)
FN:41,(anonymous_8)
FN:42,(anonymous_9)
FN:52,(anonymous_10)
FN:60,(anonymous_11)
FN:68,(anonymous_12)
FN:76,(anonymous_13)
FNF:14
FNH:0
FNDA:0,(anonymous_0)
FNDA:0,(anonymous_1)
FNDA:0,(anonymous_2)
FNDA:0,(anonymous_3)
FNDA:0,(anonymous_4)
FNDA:0,(anonymous_5)
FNDA:0,(anonymous_6)
FNDA:0,(anonymous_7)
FNDA:0,(anonymous_8)
FNDA:0,(anonymous_9)
FNDA:0,(anonymous_10)
FNDA:0,(anonymous_11)
FNDA:0,(anonymous_12)
FNDA:0,(anonymous_13)
DA:10,0
DA:13,0
DA:17,0
DA:18,0
DA:19,0
DA:20,0
DA:22,0
DA:29,0
DA:30,0
DA:31,0
DA:32,0
DA:34,0
DA:41,0
DA:42,0
DA:43,0
DA:44,0
DA:46,0
DA:53,0
DA:54,0
DA:56,0
DA:57,0
DA:61,0
DA:62,0
DA:64,0
DA:65,0
DA:69,0
DA:70,0
DA:72,0
DA:73,0
DA:77,0
DA:78,0
DA:79,0
DA:80,0
DA:81,0
DA:83,0
DA:84,0
LF:36
LH:0
BRDA:16,0,0,0
BRDA:19,1,0,0
BRDA:19,1,1,0
BRDA:28,2,0,0
BRDA:31,3,0,0
BRDA:31,3,1,0
BRDA:40,4,0,0
BRDA:43,5,0,0
BRDA:43,5,1,0
BRDA:53,6,0,0
BRDA:61,7,0,0
BRDA:69,8,0,0
BRF:12
BRH:0
end_of_record
TN:
SF:src\repositories\QueueRepository.ts
FN:10,(anonymous_0)
FN:14,(anonymous_1)
FN:39,(anonymous_2)
FN:66,(anonymous_3)
FN:76,(anonymous_4)
FN:86,(anonymous_5)
FN:96,(anonymous_6)
FN:110,(anonymous_7)
FN:121,(anonymous_8)
FN:132,(anonymous_9)
FN:146,(anonymous_10)
FN:156,(anonymous_11)
FN:167,(anonymous_12)
FN:177,(anonymous_13)
FN:204,(anonymous_14)
FN:214,(anonymous_15)
FNF:16
FNH:0
FNDA:0,(anonymous_0)
FNDA:0,(anonymous_1)
FNDA:0,(anonymous_2)
FNDA:0,(anonymous_3)
FNDA:0,(anonymous_4)
FNDA:0,(anonymous_5)
FNDA:0,(anonymous_6)
FNDA:0,(anonymous_7)
FNDA:0,(anonymous_8)
FNDA:0,(anonymous_9)
FNDA:0,(anonymous_10)
FNDA:0,(anonymous_11)
FNDA:0,(anonymous_12)
FNDA:0,(anonymous_13)
FNDA:0,(anonymous_14)
FNDA:0,(anonymous_15)
DA:11,0
DA:15,0
DA:40,0
DA:42,0
DA:43,0
DA:44,0
DA:45,0
DA:46,0
DA:47,0
DA:48,0
DA:49,0
DA:50,0
DA:51,0
DA:52,0
DA:53,0
DA:54,0
DA:55,0
DA:56,0
DA:57,0
DA:58,0
DA:60,0
DA:67,0
DA:77,0
DA:87,0
DA:97,0
DA:111,0
DA:112,0
DA:113,0
DA:115,0
DA:122,0
DA:123,0
DA:124,0
DA:126,0
DA:133,0
DA:137,0
DA:138,0
DA:140,0
DA:147,0
DA:157,0
DA:168,0
DA:184,0
DA:192,0
DA:205,0
DA:216,0
DA:217,0
DA:221,0
DA:222,0
DA:223,0
DA:227,0
LF:49
LH:0
BRDA:19,0,0,0
BRDA:19,0,1,0
BRDA:20,1,0,0
BRDA:20,1,1,0
BRDA:21,2,0,0
BRDA:21,2,1,0
BRDA:22,3,0,0
BRDA:22,3,1,0
BRDA:23,4,0,0
BRDA:23,4,1,0
BRDA:26,5,0,0
BRDA:26,5,1,0
BRDA:27,6,0,0
BRDA:27,6,1,0
BRDA:28,7,0,0
BRDA:28,7,1,0
BRDA:29,8,0,0
BRDA:29,8,1,0
BRDA:30,9,0,0
BRDA:30,9,1,0
BRDA:31,10,0,0
BRDA:31,10,1,0
BRDA:32,11,0,0
BRDA:32,11,1,0
BRDA:33,12,0,0
BRDA:33,12,1,0
BRDA:42,13,0,0
BRDA:43,14,0,0
BRDA:44,15,0,0
BRDA:45,16,0,0
BRDA:46,17,0,0
BRDA:47,18,0,0
BRDA:48,19,0,0
BRDA:49,20,0,0
BRDA:49,21,0,0
BRDA:49,21,1,0
BRDA:50,22,0,0
BRDA:51,23,0,0
BRDA:52,24,0,0
BRDA:53,25,0,0
BRDA:54,26,0,0
BRDA:55,27,0,0
BRDA:56,28,0,0
BRDA:57,29,0,0
BRDA:58,30,0,0
BRDA:112,31,0,0
BRDA:123,32,0,0
BRDA:137,33,0,0
BRDA:204,34,0,0
BRDA:216,35,0,0
BRDA:216,36,0,0
BRDA:216,36,1,0
BRDA:221,37,0,0
BRDA:221,38,0,0
BRDA:221,38,1,0
BRDA:222,39,0,0
BRDA:222,40,0,0
BRDA:222,40,1,0
BRDA:231,41,0,0
BRDA:231,41,1,0
BRF:60
BRH:0
end_of_record
TN:
SF:src\repositories\SecureConfigRepository.ts
FN:13,(anonymous_0)
FN:23,(anonymous_1)
FN:24,(anonymous_2)
FN:46,(anonymous_3)
FN:52,(anonymous_4)
FN:66,(anonymous_5)
FN:67,(anonymous_6)
FN:77,(anonymous_7)
FN:96,(anonymous_8)
FN:97,(anonymous_9)
FN:100,(anonymous_10)
FN:129,(anonymous_11)
FN:130,(anonymous_12)
FN:133,(anonymous_13)
FN:161,(anonymous_14)
FN:162,(anonymous_15)
FN:165,(anonymous_16)
FN:181,(anonymous_17)
FN:186,(anonymous_18)
FN:195,(anonymous_19)
FN:207,(anonymous_20)
FN:212,(anonymous_21)
FN:213,(anonymous_22)
FN:237,(anonymous_23)
FN:238,(anonymous_24)
FN:246,(anonymous_25)
FN:252,(anonymous_26)
FN:266,(anonymous_27)
FN:277,(anonymous_28)
FN:301,(anonymous_29)
FN:308,(anonymous_30)
FNF:31
FNH:0
FNDA:0,(anonymous_0)
FNDA:0,(anonymous_1)
FNDA:0,(anonymous_2)
FNDA:0,(anonymous_3)
FNDA:0,(anonymous_4)
FNDA:0,(anonymous_5)
FNDA:0,(anonymous_6)
FNDA:0,(anonymous_7)
FNDA:0,(anonymous_8)
FNDA:0,(anonymous_9)
FNDA:0,(anonymous_10)
FNDA:0,(anonymous_11)
FNDA:0,(anonymous_12)
FNDA:0,(anonymous_13)
FNDA:0,(anonymous_14)
FNDA:0,(anonymous_15)
FNDA:0,(anonymous_16)
FNDA:0,(anonymous_17)
FNDA:0,(anonymous_18)
FNDA:0,(anonymous_19)
FNDA:0,(anonymous_20)
FNDA:0,(anonymous_21)
FNDA:0,(anonymous_22)
FNDA:0,(anonymous_23)
FNDA:0,(anonymous_24)
FNDA:0,(anonymous_25)
FNDA:0,(anonymous_26)
FNDA:0,(anonymous_27)
FNDA:0,(anonymous_28)
FNDA:0,(anonymous_29)
FNDA:0,(anonymous_30)
DA:14,0
DA:15,0
DA:16,0
DA:17,0
DA:24,0
DA:25,0
DA:35,0
DA:46,0
DA:47,0
DA:48,0
DA:49,0
DA:52,0
DA:53,0
DA:54,0
DA:55,0
DA:57,0
DA:67,0
DA:68,0
DA:69,0
DA:70,0
DA:72,0
DA:77,0
DA:78,0
DA:79,0
DA:80,0
DA:84,0
DA:85,0
DA:88,0
DA:97,0
DA:98,0
DA:100,0
DA:101,0
DA:102,0
DA:103,0
DA:106,0
DA:107,0
DA:108,0
DA:111,0
DA:112,0
DA:117,0
DA:118,0
DA:120,0
DA:130,0
DA:131,0
DA:133,0
DA:134,0
DA:135,0
DA:136,0
DA:139,0
DA:140,0
DA:142,0
DA:143,0
DA:149,0
DA:150,0
DA:152,0
DA:162,0
DA:163,0
DA:165,0
DA:166,0
DA:167,0
DA:168,0
DA:172,0
DA:173,0
DA:182,0
DA:183,0
DA:184,0
DA:186,0
DA:188,0
DA:196,0
DA:197,0
DA:198,0
DA:200,0
DA:208,0
DA:209,0
DA:212,0
DA:213,0
DA:214,0
DA:215,0
DA:216,0
DA:218,0
DA:223,0
DA:224,0
DA:228,0
DA:230,0
DA:238,0
DA:239,0
DA:246,0
DA:247,0
DA:248,0
DA:249,0
DA:252,0
DA:267,0
DA:272,0
DA:278,0
DA:279,0
DA:284,0
DA:293,0
DA:294,0
DA:302,0
DA:309,0
LF:100
LH:0
BRDA:47,0,0,0
BRDA:53,1,0,0
BRDA:70,2,0,0
BRDA:70,2,1,0
BRDA:78,3,0,0
BRDA:101,4,0,0
BRDA:106,5,0,0
BRDA:112,6,0,0
BRDA:112,6,1,0
BRDA:134,7,0,0
BRDA:143,8,0,0
BRDA:143,8,1,0
BRDA:166,9,0,0
BRDA:186,10,0,0
BRDA:186,10,1,0
BRDA:200,11,0,0
BRDA:200,11,1,0
BRDA:214,12,0,0
BRDA:230,13,0,0
BRDA:230,13,1,0
BRDA:237,14,0,0
BRDA:247,15,0,0
BRDA:275,16,0,0
BRDA:275,16,1,0
BRDA:276,17,0,0
BRDA:276,17,1,0
BRDA:278,18,0,0
BRDA:287,19,0,0
BRDA:287,19,1,0
BRDA:288,20,0,0
BRDA:288,20,1,0
BRDA:293,21,0,0
BRF:32
BRH:0
end_of_record
TN:
SF:src\repositories\migrations\001_initial_schema.ts
FN:11,(anonymous_0)
FN:57,(anonymous_1)
FNF:2
FNH:0
FNDA:0,(anonymous_0)
FNDA:0,(anonymous_1)
DA:7,0
DA:13,0
DA:39,0
DA:48,0
DA:49,0
DA:50,0
DA:51,0
DA:52,0
DA:53,0
DA:54,0
DA:59,0
DA:60,0
DA:61,0
DA:62,0
DA:63,0
DA:64,0
DA:65,0
DA:68,0
DA:69,0
LF:19
LH:0
BRF:0
BRH:0
end_of_record
TN:
SF:src\repositories\migrations\MigrationManager.ts
FN:18,(anonymous_0)
FN:25,(anonymous_1)
FN:28,(anonymous_2)
FN:34,(anonymous_3)
FN:47,(anonymous_4)
FN:60,(anonymous_5)
FN:70,(anonymous_6)
FN:77,(anonymous_7)
FN:79,(anonymous_8)
FN:92,(anonymous_9)
FN:110,(anonymous_10)
FN:118,(anonymous_11)
FN:126,(anonymous_12)
FN:141,(anonymous_13)
FN:144,(anonymous_14)
FNF:15
FNH:0
FNDA:0,(anonymous_0)
FNDA:0,(anonymous_1)
FNDA:0,(anonymous_2)
FNDA:0,(anonymous_3)
FNDA:0,(anonymous_4)
FNDA:0,(anonymous_5)
FNDA:0,(anonymous_6)
FNDA:0,(anonymous_7)
FNDA:0,(anonymous_8)
FNDA:0,(anonymous_9)
FNDA:0,(anonymous_10)
FNDA:0,(anonymous_11)
FNDA:0,(anonymous_12)
FNDA:0,(anonymous_13)
FNDA:0,(anonymous_14)
DA:16,0
DA:19,0
DA:26,0
DA:28,0
DA:35,0
DA:48,0
DA:50,0
DA:54,0
DA:61,0
DA:71,0
DA:78,0
DA:79,0
DA:81,0
DA:82,0
DA:83,0
DA:86,0
DA:88,0
DA:89,0
DA:91,0
DA:92,0
DA:93,0
DA:94,0
DA:97,0
DA:99,0
DA:100,0
DA:104,0
DA:111,0
DA:113,0
DA:114,0
DA:115,0
DA:118,0
DA:119,0
DA:120,0
DA:123,0
DA:125,0
DA:126,0
DA:127,0
DA:128,0
DA:131,0
DA:133,0
DA:134,0
DA:142,0
DA:143,0
DA:144,0
DA:146,0
LF:45
LH:0
BRDA:54,0,0,0
BRDA:54,0,1,0
BRDA:81,1,0,0
BRDA:113,2,0,0
BRDA:119,3,0,0
BRF:5
BRH:0
end_of_record
TN:
SF:src\scripts\migrateConfig.ts
FN:9,migrateConfiguration
FN:54,(anonymous_1)
FN:57,(anonymous_2)
FN:74,(anonymous_3)
FN:78,(anonymous_4)
FNF:5
FNH:0
FNDA:0,migrateConfiguration
FNDA:0,(anonymous_1)
FNDA:0,(anonymous_2)
FNDA:0,(anonymous_3)
FNDA:0,(anonymous_4)
DA:10,0
DA:12,0
DA:13,0
DA:16,0
DA:18,0
DA:19,0
DA:20,0
DA:22,0
DA:24,0
DA:27,0
DA:28,0
DA:32,0
DA:33,0
DA:34,0
DA:35,0
DA:39,0
DA:40,0
DA:41,0
DA:45,0
DA:46,0
DA:49,0
DA:50,0
DA:51,0
DA:53,0
DA:54,0
DA:55,0
DA:57,0
DA:58,0
DA:62,0
DA:66,0
DA:67,0
DA:72,0
DA:73,0
DA:75,0
DA:76,0
DA:79,0
DA:80,0
LF:37
LH:0
BRDA:22,0,0,0
BRDA:22,1,0,0
BRDA:22,1,1,0
BRDA:27,2,0,0
BRDA:32,3,0,0
BRDA:32,4,0,0
BRDA:32,4,1,0
BRDA:34,5,0,0
BRDA:45,6,0,0
BRDA:45,6,1,0
BRDA:50,7,0,0
BRDA:50,7,1,0
BRDA:72,8,0,0
BRF:13
BRH:0
end_of_record
TN:
SF:src\services\BaseService.ts
FN:28,(anonymous_0)
FN:52,(anonymous_1)
FN:56,(anonymous_2)
FN:60,(anonymous_3)
FN:74,(anonymous_4)
FN:77,(anonymous_5)
FN:90,(anonymous_6)
FN:98,(anonymous_7)
FN:111,(anonymous_8)
FN:129,(anonymous_9)
FN:176,(anonymous_10)
FN:180,(anonymous_11)
FN:185,(anonymous_12)
FN:186,(anonymous_13)
FN:189,(anonymous_14)
FN:240,(anonymous_15)
FN:244,(anonymous_16)
FN:245,(anonymous_17)
FN:256,(anonymous_18)
FN:257,(anonymous_19)
FN:261,(anonymous_20)
FN:262,(anonymous_21)
FN:266,(anonymous_22)
FN:267,(anonymous_23)
FN:271,(anonymous_24)
FN:272,(anonymous_25)
FNF:26
FNH:0
FNDA:0,(anonymous_0)
FNDA:0,(anonymous_1)
FNDA:0,(anonymous_2)
FNDA:0,(anonymous_3)
FNDA:0,(anonymous_4)
FNDA:0,(anonymous_5)
FNDA:0,(anonymous_6)
FNDA:0,(anonymous_7)
FNDA:0,(anonymous_8)
FNDA:0,(anonymous_9)
FNDA:0,(anonymous_10)
FNDA:0,(anonymous_11)
FNDA:0,(anonymous_12)
FNDA:0,(anonymous_13)
FNDA:0,(anonymous_14)
FNDA:0,(anonymous_15)
FNDA:0,(anonymous_16)
FNDA:0,(anonymous_17)
FNDA:0,(anonymous_18)
FNDA:0,(anonymous_19)
FNDA:0,(anonymous_20)
FNDA:0,(anonymous_21)
FNDA:0,(anonymous_22)
FNDA:0,(anonymous_23)
FNDA:0,(anonymous_24)
FNDA:0,(anonymous_25)
DA:34,0
DA:35,0
DA:36,0
DA:37,0
DA:43,0
DA:44,0
DA:53,0
DA:57,0
DA:61,0
DA:71,0
DA:76,0
DA:78,0
DA:87,0
DA:88,0
DA:91,0
DA:92,0
DA:97,0
DA:99,0
DA:108,0
DA:109,0
DA:112,0
DA:113,0
DA:122,0
DA:124,0
DA:132,0
DA:133,0
DA:134,0
DA:135,0
DA:137,0
DA:143,0
DA:145,0
DA:146,0
DA:148,0
DA:156,0
DA:157,0
DA:161,0
DA:166,0
DA:167,0
DA:170,0
DA:177,0
DA:182,0
DA:186,0
DA:190,0
DA:192,0
DA:194,0
DA:195,0
DA:201,0
DA:208,0
DA:209,0
DA:210,0
DA:212,0
DA:214,0
DA:220,0
DA:226,0
DA:232,0
DA:241,0
DA:242,0
DA:244,0
DA:245,0
DA:246,0
DA:248,0
DA:252,0
DA:257,0
DA:262,0
DA:267,0
DA:272,0
LF:66
LH:0
BRDA:36,0,0,0
BRDA:36,0,1,0
BRDA:38,1,0,0
BRDA:38,1,1,0
BRDA:39,2,0,0
BRDA:39,2,1,0
BRDA:63,3,0,0
BRDA:63,3,1,0
BRDA:79,4,0,0
BRDA:79,4,1,0
BRDA:80,5,0,0
BRDA:80,5,1,0
BRDA:81,6,0,0
BRDA:81,6,1,0
BRDA:101,7,0,0
BRDA:101,7,1,0
BRDA:103,8,0,0
BRDA:103,8,1,0
BRDA:112,9,0,0
BRDA:115,10,0,0
BRDA:115,10,1,0
BRDA:117,11,0,0
BRDA:117,11,1,0
BRDA:156,12,0,0
BRDA:156,13,0,0
BRDA:156,13,1,0
BRDA:166,14,0,0
BRDA:177,15,0,0
BRDA:177,15,1,0
BRDA:182,16,0,0
BRDA:182,16,1,0
BRDA:182,16,2,0
BRDA:190,17,0,0
BRDA:190,17,1,0
BRDA:192,18,0,0
BRDA:194,19,0,0
BRDA:210,20,0,0
BRDA:210,20,1,0
BRDA:210,20,2,0
BRDA:212,21,0,0
BRDA:212,21,1,0
BRDA:212,21,2,0
BRDA:212,21,3,0
BRDA:245,22,0,0
BRDA:245,22,1,0
BRF:45
BRH:0
end_of_record
TN:
SF:src\services\ServiceFactory.ts
FN:24,(anonymous_0)
FN:30,(anonymous_1)
FN:37,(anonymous_2)
FN:44,(anonymous_3)
FN:55,(anonymous_4)
FN:66,(anonymous_5)
FN:77,(anonymous_6)
FN:88,(anonymous_7)
FN:99,(anonymous_8)
FN:110,(anonymous_9)
FN:121,(anonymous_10)
FN:128,(anonymous_11)
FN:135,(anonymous_12)
FN:142,(anonymous_13)
FN:149,(anonymous_14)
FN:155,createTMDBService
FN:167,createRealDebridService
FN:177,createJackettService
FN:189,createPlexService
FN:199,createBookService
FN:209,createTVShowParserService
FN:219,createTorrentParserService
FNF:22
FNH:0
FNDA:0,(anonymous_0)
FNDA:0,(anonymous_1)
FNDA:0,(anonymous_2)
FNDA:0,(anonymous_3)
FNDA:0,(anonymous_4)
FNDA:0,(anonymous_5)
FNDA:0,(anonymous_6)
FNDA:0,(anonymous_7)
FNDA:0,(anonymous_8)
FNDA:0,(anonymous_9)
FNDA:0,(anonymous_10)
FNDA:0,(anonymous_11)
FNDA:0,(anonymous_12)
FNDA:0,(anonymous_13)
FNDA:0,(anonymous_14)
FNDA:0,createTMDBService
FNDA:0,createRealDebridService
FNDA:0,createJackettService
FNDA:0,createPlexService
FNDA:0,createBookService
FNDA:0,createTVShowParserService
FNDA:0,createTorrentParserService
DA:19,0
DA:25,0
DA:26,0
DA:27,0
DA:31,0
DA:32,0
DA:34,0
DA:38,0
DA:45,0
DA:46,0
DA:47,0
DA:49,0
DA:56,0
DA:57,0
DA:58,0
DA:60,0
DA:67,0
DA:68,0
DA:69,0
DA:71,0
DA:78,0
DA:79,0
DA:80,0
DA:82,0
DA:89,0
DA:90,0
DA:91,0
DA:93,0
DA:100,0
DA:101,0
DA:102,0
DA:104,0
DA:111,0
DA:112,0
DA:113,0
DA:115,0
DA:122,0
DA:129,0
DA:136,0
DA:143,0
DA:150,0
DA:160,0
DA:171,0
DA:182,0
DA:193,0
DA:203,0
DA:213,0
DA:223,0
LF:48
LH:0
BRDA:26,0,0,0
BRDA:26,0,1,0
BRDA:27,1,0,0
BRDA:27,1,1,0
BRDA:31,2,0,0
BRDA:45,3,0,0
BRDA:56,4,0,0
BRDA:67,5,0,0
BRDA:78,6,0,0
BRDA:89,7,0,0
BRDA:100,8,0,0
BRDA:111,9,0,0
BRDA:162,10,0,0
BRDA:162,10,1,0
BRDA:163,11,0,0
BRDA:163,11,1,0
BRDA:173,12,0,0
BRDA:173,12,1,0
BRDA:184,13,0,0
BRDA:184,13,1,0
BRDA:185,14,0,0
BRDA:185,14,1,0
BRDA:195,15,0,0
BRDA:195,15,1,0
BRDA:205,16,0,0
BRDA:205,16,1,0
BRDA:215,17,0,0
BRDA:215,17,1,0
BRDA:225,18,0,0
BRDA:225,18,1,0
BRF:30
BRH:0
end_of_record
TN:
SF:src\services\TMDBService.ts
FN:137,(anonymous_0)
FN:146,(anonymous_1)
FN:150,(anonymous_2)
FN:160,(anonymous_3)
FN:201,(anonymous_4)
FN:220,(anonymous_5)
FN:242,(anonymous_6)
FN:263,(anonymous_7)
FN:290,(anonymous_8)
FN:310,(anonymous_9)
FN:357,(anonymous_10)
FN:392,(anonymous_11)
FN:400,(anonymous_12)
FN:408,(anonymous_13)
FN:418,(anonymous_14)
FN:426,(anonymous_15)
FNF:16
FNH:0
FNDA:0,(anonymous_0)
FNDA:0,(anonymous_1)
FNDA:0,(anonymous_2)
FNDA:0,(anonymous_3)
FNDA:0,(anonymous_4)
FNDA:0,(anonymous_5)
FNDA:0,(anonymous_6)
FNDA:0,(anonymous_7)
FNDA:0,(anonymous_8)
FNDA:0,(anonymous_9)
FNDA:0,(anonymous_10)
FNDA:0,(anonymous_11)
FNDA:0,(anonymous_12)
FNDA:0,(anonymous_13)
FNDA:0,(anonymous_14)
FNDA:0,(anonymous_15)
DA:131,0
DA:132,0
DA:138,0
DA:143,0
DA:147,0
DA:151,0
DA:152,0
DA:165,0
DA:166,0
DA:169,0
DA:170,0
DA:173,0
DA:174,0
DA:177,0
DA:178,0
DA:179,0
DA:180,0
DA:181,0
DA:184,0
DA:185,0
DA:187,0
DA:188,0
DA:190,0
DA:191,0
DA:193,0
DA:196,0
DA:201,0
DA:202,0
DA:206,0
DA:208,0
DA:214,0
DA:221,0
DA:222,0
DA:223,0
DA:224,0
DA:228,0
DA:231,0
DA:235,0
DA:242,0
DA:254,0
DA:256,0
DA:257,0
DA:267,0
DA:268,0
DA:269,0
DA:270,0
DA:275,0
DA:278,0
DA:285,0
DA:290,0
DA:301,0
DA:303,0
DA:304,0
DA:315,0
DA:316,0
DA:317,0
DA:318,0
DA:324,0
DA:327,0
DA:334,0
DA:344,0
DA:346,0
DA:351,0
DA:358,0
DA:359,0
DA:365,0
DA:371,0
DA:372,0
DA:373,0
DA:374,0
DA:376,0
DA:379,0
DA:393,0
DA:394,0
DA:401,0
DA:402,0
DA:411,0
DA:412,0
DA:419,0
DA:420,0
DA:427,0
DA:428,0
DA:430,0
LF:83
LH:0
BRDA:147,0,0,0
BRDA:147,0,1,0
BRDA:165,1,0,0
BRDA:169,2,0,0
BRDA:173,3,0,0
BRDA:177,4,0,0
BRDA:177,4,1,0
BRDA:179,5,0,0
BRDA:185,6,0,0
BRDA:185,6,1,0
BRDA:185,6,2,0
BRDA:223,7,0,0
BRDA:269,8,0,0
BRDA:317,9,0,0
BRDA:358,10,0,0
BRDA:358,10,1,0
BRDA:358,10,2,0
BRDA:359,11,0,0
BRDA:359,11,1,0
BRDA:361,12,0,0
BRDA:361,12,1,0
BRDA:365,13,0,0
BRDA:365,13,1,0
BRDA:371,14,0,0
BRDA:371,14,1,0
BRDA:371,15,0,0
BRDA:371,15,1,0
BRDA:373,16,0,0
BRDA:373,16,1,0
BRDA:373,17,0,0
BRDA:373,17,1,0
BRDA:427,18,0,0
BRDA:427,19,0,0
BRDA:427,19,1,0
BRF:34
BRH:0
end_of_record
TN:
SF:src\services\realDebridService.ts
FN:34,(anonymous_0)
FN:46,(anonymous_1)
FN:50,(anonymous_2)
FN:57,(anonymous_3)
FN:58,(anonymous_4)
FN:66,(anonymous_5)
FN:73,(anonymous_6)
FN:79,(anonymous_7)
FN:83,(anonymous_8)
FN:102,(anonymous_9)
FN:108,(anonymous_10)
FN:126,(anonymous_11)
FN:130,(anonymous_12)
FN:147,(anonymous_13)
FN:151,(anonymous_14)
FN:175,(anonymous_15)
FN:179,(anonymous_16)
FN:195,(anonymous_17)
FN:199,(anonymous_18)
FN:208,(anonymous_19)
FN:212,(anonymous_20)
FN:223,(anonymous_21)
FN:243,(anonymous_22)
FN:253,(anonymous_23)
FN:254,(anonymous_24)
FN:259,(anonymous_25)
FN:271,(anonymous_26)
FN:276,(anonymous_27)
FN:330,(anonymous_28)
FN:363,(anonymous_29)
FN:368,(anonymous_30)
FN:373,(anonymous_31)
FN:390,(anonymous_32)
FN:394,(anonymous_33)
FN:398,(anonymous_34)
FN:412,(anonymous_35)
FN:428,(anonymous_36)
FN:434,(anonymous_37)
FN:440,(anonymous_38)
FN:449,(anonymous_39)
FN:453,(anonymous_40)
FN:475,(anonymous_41)
FN:479,(anonymous_42)
FN:483,(anonymous_43)
FN:491,(anonymous_44)
FN:500,(anonymous_45)
FN:507,(anonymous_46)
FN:514,(anonymous_47)
FN:521,(anonymous_48)
FN:528,(anonymous_49)
FN:535,(anonymous_50)
FN:542,(anonymous_51)
FNF:52
FNH:0
FNDA:0,(anonymous_0)
FNDA:0,(anonymous_1)
FNDA:0,(anonymous_2)
FNDA:0,(anonymous_3)
FNDA:0,(anonymous_4)
FNDA:0,(anonymous_5)
FNDA:0,(anonymous_6)
FNDA:0,(anonymous_7)
FNDA:0,(anonymous_8)
FNDA:0,(anonymous_9)
FNDA:0,(anonymous_10)
FNDA:0,(anonymous_11)
FNDA:0,(anonymous_12)
FNDA:0,(anonymous_13)
FNDA:0,(anonymous_14)
FNDA:0,(anonymous_15)
FNDA:0,(anonymous_16)
FNDA:0,(anonymous_17)
FNDA:0,(anonymous_18)
FNDA:0,(anonymous_19)
FNDA:0,(anonymous_20)
FNDA:0,(anonymous_21)
FNDA:0,(anonymous_22)
FNDA:0,(anonymous_23)
FNDA:0,(anonymous_24)
FNDA:0,(anonymous_25)
FNDA:0,(anonymous_26)
FNDA:0,(anonymous_27)
FNDA:0,(anonymous_28)
FNDA:0,(anonymous_29)
FNDA:0,(anonymous_30)
FNDA:0,(anonymous_31)
FNDA:0,(anonymous_32)
FNDA:0,(anonymous_33)
FNDA:0,(anonymous_34)
FNDA:0,(anonymous_35)
FNDA:0,(anonymous_36)
FNDA:0,(anonymous_37)
FNDA:0,(anonymous_38)
FNDA:0,(anonymous_39)
FNDA:0,(anonymous_40)
FNDA:0,(anonymous_41)
FNDA:0,(anonymous_42)
FNDA:0,(anonymous_43)
FNDA:0,(anonymous_44)
FNDA:0,(anonymous_45)
FNDA:0,(anonymous_46)
FNDA:0,(anonymous_47)
FNDA:0,(anonymous_48)
FNDA:0,(anonymous_49)
FNDA:0,(anonymous_50)
FNDA:0,(anonymous_51)
DA:29,0
DA:30,0
DA:31,0
DA:35,0
DA:42,0
DA:43,0
DA:47,0
DA:51,0
DA:52,0
DA:58,0
DA:59,0
DA:66,0
DA:67,0
DA:73,0
DA:74,0
DA:80,0
DA:82,0
DA:83,0
DA:84,0
DA:95,0
DA:96,0
DA:98,0
DA:103,0
DA:105,0
DA:106,0
DA:108,0
DA:109,0
DA:120,0
DA:122,0
DA:127,0
DA:129,0
DA:130,0
DA:131,0
DA:134,0
DA:141,0
DA:143,0
DA:148,0
DA:150,0
DA:151,0
DA:152,0
DA:163,0
DA:169,0
DA:171,0
DA:176,0
DA:178,0
DA:179,0
DA:180,0
DA:183,0
DA:189,0
DA:191,0
DA:196,0
DA:198,0
DA:199,0
DA:200,0
DA:202,0
DA:204,0
DA:209,0
DA:211,0
DA:212,0
DA:213,0
DA:215,0
DA:216,0
DA:218,0
DA:224,0
DA:226,0
DA:228,0
DA:229,0
DA:230,0
DA:233,0
DA:238,0
DA:239,0
DA:241,0
DA:243,0
DA:244,0
DA:245,0
DA:246,0
DA:247,0
DA:251,0
DA:253,0
DA:254,0
DA:255,0
DA:256,0
DA:259,0
DA:260,0
DA:261,0
DA:265,0
DA:266,0
DA:272,0
DA:274,0
DA:276,0
DA:277,0
DA:278,0
DA:280,0
DA:291,0
DA:292,0
DA:295,0
DA:297,0
DA:298,0
DA:299,0
DA:300,0
DA:302,0
DA:303,0
DA:306,0
DA:307,0
DA:308,0
DA:309,0
DA:311,0
DA:312,0
DA:316,0
DA:318,0
DA:319,0
DA:320,0
DA:322,0
DA:326,0
DA:331,0
DA:333,0
DA:345,0
DA:347,0
DA:349,0
DA:350,0
DA:351,0
DA:354,0
DA:355,0
DA:356,0
DA:359,0
DA:362,0
DA:364,0
DA:365,0
DA:366,0
DA:369,0
DA:370,0
DA:371,0
DA:374,0
DA:375,0
DA:376,0
DA:380,0
DA:381,0
DA:383,0
DA:384,0
DA:385,0
DA:386,0
DA:391,0
DA:395,0
DA:399,0
DA:400,0
DA:401,0
DA:404,0
DA:405,0
DA:408,0
DA:409,0
DA:413,0
DA:414,0
DA:415,0
DA:419,0
DA:420,0
DA:421,0
DA:422,0
DA:425,0
DA:429,0
DA:430,0
DA:433,0
DA:434,0
DA:441,0
DA:442,0
DA:443,0
DA:444,0
DA:450,0
DA:454,0
DA:455,0
DA:458,0
DA:459,0
DA:460,0
DA:462,0
DA:464,0
DA:466,0
DA:468,0
DA:470,0
DA:476,0
DA:480,0
DA:484,0
DA:489,0
DA:491,0
DA:496,0
DA:497,0
DA:500,0
DA:501,0
DA:502,0
DA:504,0
DA:507,0
DA:508,0
DA:509,0
DA:511,0
DA:514,0
DA:515,0
DA:516,0
DA:518,0
DA:521,0
DA:522,0
DA:523,0
DA:525,0
DA:528,0
DA:529,0
DA:530,0
DA:532,0
DA:535,0
DA:536,0
DA:537,0
DA:539,0
DA:542,0
DA:543,0
DA:544,0
DA:546,0
LF:212
LH:0
BRDA:42,0,0,0
BRDA:42,0,1,0
BRDA:47,1,0,0
BRDA:47,1,1,0
BRDA:102,2,0,0
BRDA:106,3,0,0
BRDA:106,3,1,0
BRDA:229,4,0,0
BRDA:238,5,0,0
BRDA:238,5,1,0
BRDA:245,6,0,0
BRDA:245,7,0,0
BRDA:245,7,1,0
BRDA:271,8,0,0
BRDA:272,9,0,0
BRDA:272,9,1,0
BRDA:291,10,0,0
BRDA:297,11,0,0
BRDA:299,12,0,0
BRDA:306,13,0,0
BRDA:306,14,0,0
BRDA:306,14,1,0
BRDA:306,14,2,0
BRDA:308,15,0,0
BRDA:319,16,0,0
BRDA:365,17,0,0
BRDA:365,17,1,0
BRDA:391,18,0,0
BRDA:391,18,1,0
BRDA:400,19,0,0
BRDA:404,20,0,0
BRDA:414,21,0,0
BRDA:429,22,0,0
BRDA:441,23,0,0
BRDA:454,24,0,0
BRDA:460,25,0,0
BRDA:460,25,1,0
BRDA:460,25,2,0
BRDA:462,26,0,0
BRDA:462,26,1,0
BRDA:462,26,2,0
BRDA:462,26,3,0
BRDA:501,27,0,0
BRDA:507,28,0,0
BRDA:508,29,0,0
BRDA:515,30,0,0
BRDA:522,31,0,0
BRDA:529,32,0,0
BRDA:536,33,0,0
BRDA:543,34,0,0
BRF:50
BRH:0
end_of_record
TN:
SF:src\types\errors.ts
FN:8,(anonymous_0)
FN:22,(anonymous_1)
FN:35,(anonymous_2)
FN:47,(anonymous_3)
FN:59,(anonymous_4)
FN:71,(anonymous_5)
FN:83,(anonymous_6)
FN:99,(anonymous_7)
FN:111,(anonymous_8)
FN:123,(anonymous_9)
FN:135,(anonymous_10)
FN:147,(anonymous_11)
FN:155,(anonymous_12)
FN:166,(anonymous_13)
FN:191,(anonymous_14)
FN:211,(anonymous_15)
FNF:16
FNH:0
FNDA:0,(anonymous_0)
FNDA:0,(anonymous_1)
FNDA:0,(anonymous_2)
FNDA:0,(anonymous_3)
FNDA:0,(anonymous_4)
FNDA:0,(anonymous_5)
FNDA:0,(anonymous_6)
FNDA:0,(anonymous_7)
FNDA:0,(anonymous_8)
FNDA:0,(anonymous_9)
FNDA:0,(anonymous_10)
FNDA:0,(anonymous_11)
FNDA:0,(anonymous_12)
FNDA:0,(anonymous_13)
FNDA:0,(anonymous_14)
FNDA:0,(anonymous_15)
DA:8,0
DA:9,0
DA:10,0
DA:11,0
DA:19,0
DA:20,0
DA:23,0
DA:24,0
DA:32,0
DA:33,0
DA:36,0
DA:44,0
DA:45,0
DA:48,0
DA:56,0
DA:57,0
DA:60,0
DA:68,0
DA:69,0
DA:72,0
DA:80,0
DA:81,0
DA:84,0
DA:96,0
DA:97,0
DA:100,0
DA:108,0
DA:109,0
DA:112,0
DA:120,0
DA:121,0
DA:124,0
DA:132,0
DA:133,0
DA:136,0
DA:144,0
DA:145,0
DA:148,0
DA:155,0
DA:156,0
DA:157,0
DA:158,0
DA:159,0
DA:167,0
DA:168,0
DA:171,0
DA:172,0
DA:175,0
DA:176,0
DA:179,0
DA:180,0
DA:183,0
DA:192,0
DA:193,0
DA:196,0
DA:197,0
DA:200,0
DA:201,0
DA:204,0
DA:211,0
DA:212,0
LF:61
LH:0
BRDA:23,0,0,0
BRDA:23,0,1,0
BRDA:35,1,0,0
BRDA:47,2,0,0
BRDA:59,3,0,0
BRDA:71,4,0,0
BRDA:123,5,0,0
BRDA:155,6,0,0
BRDA:155,6,1,0
BRDA:167,7,0,0
BRDA:171,8,0,0
BRDA:175,9,0,0
BRDA:179,10,0,0
BRDA:179,11,0,0
BRDA:179,11,1,0
BRDA:192,12,0,0
BRDA:196,13,0,0
BRDA:196,14,0,0
BRDA:196,14,1,0
BRDA:200,15,0,0
BRDA:200,16,0,0
BRDA:200,16,1,0
BRDA:212,17,0,0
BRDA:212,17,1,0
BRF:24
BRH:0
end_of_record
TN:
SF:src\types\realDebrid.ts
FN:119,(anonymous_0)
FN:130,(anonymous_1)
FN:137,(anonymous_2)
FN:144,(anonymous_3)
FNF:4
FNH:0
FNDA:0,(anonymous_0)
FNDA:0,(anonymous_1)
FNDA:0,(anonymous_2)
FNDA:0,(anonymous_3)
DA:121,0
DA:122,0
DA:124,0
DA:125,0
DA:131,0
DA:132,0
DA:138,0
DA:139,0
DA:144,0
DA:145,0
DA:146,0
LF:11
LH:0
BRDA:130,0,0,0
BRDA:137,1,0,0
BRF:2
BRH:0
end_of_record
TN:
SF:src\types\service.ts
FN:14,(anonymous_0)
FN:22,(anonymous_1)
FN:27,(anonymous_2)
FN:32,(anonymous_3)
FN:37,(anonymous_4)
FN:42,(anonymous_5)
FN:47,(anonymous_6)
FNF:7
FNH:0
FNDA:0,(anonymous_0)
FNDA:0,(anonymous_1)
FNDA:0,(anonymous_2)
FNDA:0,(anonymous_3)
FNDA:0,(anonymous_4)
FNDA:0,(anonymous_5)
FNDA:0,(anonymous_6)
DA:15,0
DA:16,0
DA:17,0
DA:18,0
DA:23,0
DA:24,0
DA:28,0
DA:29,0
DA:33,0
DA:34,0
DA:38,0
DA:39,0
DA:43,0
DA:44,0
DA:48,0
DA:49,0
LF:16
LH:0
BRF:0
BRH:0
end_of_record
TN:
SF:src\utils\Logger.ts
FN:9,(anonymous_0)
FN:47,(anonymous_1)
FN:51,(anonymous_2)
FN:74,(anonymous_3)
FN:86,(anonymous_4)
FN:92,(anonymous_5)
FN:97,(anonymous_6)
FN:115,(anonymous_7)
FN:118,(anonymous_8)
FN:119,(anonymous_9)
FN:124,(anonymous_10)
FN:128,(anonymous_11)
FN:136,(anonymous_12)
FN:150,(anonymous_13)
FN:163,(anonymous_14)
FN:181,(anonymous_15)
FN:187,(anonymous_16)
FN:193,(anonymous_17)
FN:199,(anonymous_18)
FN:205,(anonymous_19)
FN:217,(anonymous_20)
FN:226,(anonymous_21)
FN:236,(anonymous_22)
FN:241,(anonymous_23)
FN:242,(anonymous_24)
FN:255,(anonymous_25)
FN:259,(anonymous_26)
FN:260,(anonymous_27)
FN:272,(anonymous_28)
FN:277,(anonymous_29)
FN:282,(anonymous_30)
FN:288,(anonymous_31)
FN:292,(anonymous_32)
FN:299,(anonymous_33)
FN:300,(anonymous_34)
FN:308,(anonymous_35)
FN:312,(anonymous_36)
FN:317,(anonymous_37)
FN:328,(anonymous_38)
FN:338,(anonymous_39)
FN:361,(anonymous_40)
FN:365,(anonymous_41)
FNF:42
FNH:0
FNDA:0,(anonymous_0)
FNDA:0,(anonymous_1)
FNDA:0,(anonymous_2)
FNDA:0,(anonymous_3)
FNDA:0,(anonymous_4)
FNDA:0,(anonymous_5)
FNDA:0,(anonymous_6)
FNDA:0,(anonymous_7)
FNDA:0,(anonymous_8)
FNDA:0,(anonymous_9)
FNDA:0,(anonymous_10)
FNDA:0,(anonymous_11)
FNDA:0,(anonymous_12)
FNDA:0,(anonymous_13)
FNDA:0,(anonymous_14)
FNDA:0,(anonymous_15)
FNDA:0,(anonymous_16)
FNDA:0,(anonymous_17)
FNDA:0,(anonymous_18)
FNDA:0,(anonymous_19)
FNDA:0,(anonymous_20)
FNDA:0,(anonymous_21)
FNDA:0,(anonymous_22)
FNDA:0,(anonymous_23)
FNDA:0,(anonymous_24)
FNDA:0,(anonymous_25)
FNDA:0,(anonymous_26)
FNDA:0,(anonymous_27)
FNDA:0,(anonymous_28)
FNDA:0,(anonymous_29)
FNDA:0,(anonymous_30)
FNDA:0,(anonymous_31)
FNDA:0,(anonymous_32)
FNDA:0,(anonymous_33)
FNDA:0,(anonymous_34)
FNDA:0,(anonymous_35)
FNDA:0,(anonymous_36)
FNDA:0,(anonymous_37)
FNDA:0,(anonymous_38)
FNDA:0,(anonymous_39)
FNDA:0,(anonymous_40)
FNDA:0,(anonymous_41)
DA:9,0
DA:10,0
DA:11,0
DA:12,0
DA:13,0
DA:48,0
DA:52,0
DA:53,0
DA:55,0
DA:56,0
DA:58,0
DA:59,0
DA:61,0
DA:72,0
DA:79,0
DA:80,0
DA:81,0
DA:82,0
DA:83,0
DA:87,0
DA:88,0
DA:93,0
DA:94,0
DA:98,0
DA:99,0
DA:102,0
DA:103,0
DA:104,0
DA:105,0
DA:107,0
DA:108,0
DA:111,0
DA:116,0
DA:117,0
DA:118,0
DA:119,0
DA:124,0
DA:127,0
DA:128,0
DA:129,0
DA:132,0
DA:137,0
DA:138,0
DA:140,0
DA:141,0
DA:142,0
DA:144,0
DA:146,0
DA:158,0
DA:164,0
DA:165,0
DA:168,0
DA:169,0
DA:172,0
DA:173,0
DA:182,0
DA:183,0
DA:188,0
DA:189,0
DA:194,0
DA:195,0
DA:200,0
DA:201,0
DA:206,0
DA:217,0
DA:218,0
DA:219,0
DA:221,0
DA:227,0
DA:228,0
DA:231,0
DA:236,0
DA:237,0
DA:239,0
DA:241,0
DA:242,0
DA:243,0
DA:244,0
DA:245,0
DA:249,0
DA:252,0
DA:256,0
DA:259,0
DA:260,0
DA:264,0
DA:265,0
DA:266,0
DA:268,0
DA:273,0
DA:274,0
DA:278,0
DA:279,0
DA:283,0
DA:284,0
DA:289,0
DA:293,0
DA:294,0
DA:295,0
DA:300,0
DA:301,0
DA:302,0
DA:309,0
DA:313,0
DA:318,0
DA:329,0
DA:339,0
DA:351,0
DA:362,0
DA:366,0
DA:371,0
DA:372,0
DA:375,0
DA:380,0
LF:113
LH:0
BRDA:9,0,0,0
BRDA:9,0,1,0
BRDA:47,1,0,0
BRDA:52,2,0,0
BRDA:52,2,1,0
BRDA:55,3,0,0
BRDA:55,3,1,0
BRDA:58,4,0,0
BRDA:58,4,1,0
BRDA:75,5,0,0
BRDA:76,6,0,0
BRDA:77,7,0,0
BRDA:87,8,0,0
BRDA:98,9,0,0
BRDA:103,10,0,0
BRDA:118,11,0,0
BRDA:118,11,1,0
BRDA:163,12,0,0
BRDA:164,13,0,0
BRDA:164,13,1,0
BRDA:168,14,0,0
BRDA:172,15,0,0
BRDA:182,16,0,0
BRDA:188,17,0,0
BRDA:194,18,0,0
BRDA:200,19,0,0
BRDA:210,20,0,0
BRDA:210,20,1,0
BRDA:211,21,0,0
BRDA:211,21,1,0
BRDA:212,22,0,0
BRDA:212,22,1,0
BRDA:213,23,0,0
BRDA:213,23,1,0
BRDA:214,24,0,0
BRDA:214,24,1,0
BRDA:227,25,0,0
BRDA:227,26,0,0
BRDA:227,26,1,0
BRDA:237,27,0,0
BRDA:237,28,0,0
BRDA:237,28,1,0
BRDA:239,29,0,0
BRDA:239,29,1,0
BRDA:242,30,0,0
BRDA:242,30,1,0
BRDA:244,31,0,0
BRDA:244,32,0,0
BRDA:244,32,1,0
BRDA:264,33,0,0
BRDA:265,34,0,0
BRDA:266,35,0,0
BRDA:294,36,0,0
BRDA:301,37,0,0
BRDA:318,38,0,0
BRDA:318,38,1,0
BRDA:318,39,0,0
BRDA:318,39,1,0
BRDA:339,40,0,0
BRDA:339,40,1,0
BRDA:371,41,0,0
BRDA:352,42,0,0
BRDA:352,42,1,0
BRF:63
BRH:0
end_of_record
TN:
SF:src\utils\ServiceCache.ts
FN:70,(anonymous_1)
FN:96,(anonymous_2)
FN:116,(anonymous_3)
FN:122,(anonymous_4)
FN:130,(anonymous_5)
FN:148,(anonymous_6)
FN:165,(anonymous_7)
FN:180,(anonymous_8)
FN:197,(anonymous_9)
FN:219,(anonymous_10)
FN:228,(anonymous_11)
FN:229,(anonymous_12)
FN:237,(anonymous_13)
FN:247,(anonymous_14)
FN:284,(anonymous_15)
FN:291,(anonymous_16)
FN:313,(anonymous_17)
FN:317,(anonymous_18)
FNF:18
FNH:0
FNDA:0,(anonymous_1)
FNDA:0,(anonymous_2)
FNDA:0,(anonymous_3)
FNDA:0,(anonymous_4)
FNDA:0,(anonymous_5)
FNDA:0,(anonymous_6)
FNDA:0,(anonymous_7)
FNDA:0,(anonymous_8)
FNDA:0,(anonymous_9)
FNDA:0,(anonymous_10)
FNDA:0,(anonymous_11)
FNDA:0,(anonymous_12)
FNDA:0,(anonymous_13)
FNDA:0,(anonymous_14)
FNDA:0,(anonymous_15)
FNDA:0,(anonymous_16)
FNDA:0,(anonymous_17)
FNDA:0,(anonymous_18)
DA:40,0
DA:44,0
DA:51,0
DA:52,0
DA:53,0
DA:65,0
DA:66,0
DA:71,0
DA:72,0
DA:74,0
DA:75,0
DA:76,0
DA:77,0
DA:80,0
DA:81,0
DA:82,0
DA:83,0
DA:84,0
DA:88,0
DA:89,0
DA:90,0
DA:91,0
DA:93,0
DA:98,0
DA:99,0
DA:102,0
DA:103,0
DA:105,0
DA:113,0
DA:117,0
DA:118,0
DA:123,0
DA:124,0
DA:131,0
DA:132,0
DA:134,0
DA:135,0
DA:136,0
DA:137,0
DA:141,0
DA:142,0
DA:149,0
DA:151,0
DA:152,0
DA:153,0
DA:154,0
DA:158,0
DA:159,0
DA:166,0
DA:168,0
DA:169,0
DA:170,0
DA:171,0
DA:175,0
DA:176,0
DA:181,0
DA:182,0
DA:184,0
DA:185,0
DA:186,0
DA:187,0
DA:191,0
DA:198,0
DA:200,0
DA:201,0
DA:203,0
DA:204,0
DA:205,0
DA:206,0
DA:210,0
DA:211,0
DA:212,0
DA:220,0
DA:229,0
DA:230,0
DA:238,0
DA:239,0
DA:240,0
DA:248,0
DA:249,0
DA:251,0
DA:252,0
DA:253,0
DA:255,0
DA:256,0
DA:257,0
DA:259,0
DA:260,0
DA:263,0
DA:264,0
DA:268,0
DA:285,0
DA:292,0
DA:306,0
DA:313,0
DA:314,0
DA:317,0
DA:318,0
LF:98
LH:0
BRDA:47,0,0,0
BRDA:48,1,0,0
BRDA:49,2,0,0
BRDA:65,3,0,0
BRDA:74,4,0,0
BRDA:80,5,0,0
BRDA:98,6,0,0
BRDA:98,7,0,0
BRDA:98,7,1,0
BRDA:103,8,0,0
BRDA:103,8,1,0
BRDA:117,9,0,0
BRDA:135,10,0,0
BRDA:152,11,0,0
BRDA:169,12,0,0
BRDA:185,13,0,0
BRDA:198,14,0,0
BRDA:204,15,0,0
BRDA:210,16,0,0
BRDA:220,17,0,0
BRDA:220,17,1,0
BRDA:238,18,0,0
BRDA:259,19,0,0
BRDA:263,20,0,0
BRDA:274,21,0,0
BRDA:274,21,1,0
BRDA:275,22,0,0
BRDA:275,22,1,0
BRDA:276,23,0,0
BRDA:276,23,1,0
BRF:30
BRH:0
end_of_record
TN:
SF:src\utils\ServiceContainer.ts
FN:7,(anonymous_0)
FN:11,(anonymous_1)
FN:15,(anonymous_2)
FN:32,(anonymous_3)
FN:37,(anonymous_4)
FN:42,(anonymous_5)
FN:48,(anonymous_6)
FNF:7
FNH:0
FNDA:0,(anonymous_0)
FNDA:0,(anonymous_1)
FNDA:0,(anonymous_2)
FNDA:0,(anonymous_3)
FNDA:0,(anonymous_4)
FNDA:0,(anonymous_5)
FNDA:0,(anonymous_6)
DA:8,0
DA:9,0
DA:12,0
DA:17,0
DA:18,0
DA:22,0
DA:23,0
DA:24,0
DA:27,0
DA:28,0
DA:29,0
DA:33,0
DA:38,0
DA:43,0
DA:44,0
DA:49,0
DA:54,0
LF:17
LH:0
BRDA:17,0,0,0
BRDA:23,1,0,0
BRF:2
BRH:0
end_of_record
TN:
SF:src\utils\encryption.ts
FN:14,(anonymous_0)
FN:34,(anonymous_1)
FN:41,(anonymous_2)
FN:60,(anonymous_3)
FN:82,(anonymous_4)
FN:95,(anonymous_5)
FN:107,(anonymous_6)
FN:123,(anonymous_7)
FN:130,(anonymous_8)
FN:142,(anonymous_9)
FN:152,(anonymous_10)
FN:162,(anonymous_11)
FN:169,(anonymous_12)
FN:183,(anonymous_13)
FNF:14
FNH:0
FNDA:0,(anonymous_0)
FNDA:0,(anonymous_1)
FNDA:0,(anonymous_2)
FNDA:0,(anonymous_3)
FNDA:0,(anonymous_4)
FNDA:0,(anonymous_5)
FNDA:0,(anonymous_6)
FNDA:0,(anonymous_7)
FNDA:0,(anonymous_8)
FNDA:0,(anonymous_9)
FNDA:0,(anonymous_10)
FNDA:0,(anonymous_11)
FNDA:0,(anonymous_12)
FNDA:0,(anonymous_13)
DA:8,0
DA:9,0
DA:10,0
DA:15,0
DA:17,0
DA:18,0
DA:19,0
DA:20,0
DA:23,0
DA:27,0
DA:35,0
DA:42,0
DA:43,0
DA:44,0
DA:46,0
DA:47,0
DA:50,0
DA:51,0
DA:53,0
DA:61,0
DA:62,0
DA:65,0
DA:66,0
DA:68,0
DA:70,0
DA:71,0
DA:73,0
DA:75,0
DA:83,0
DA:85,0
DA:86,0
DA:88,0
DA:96,0
DA:108,0
DA:109,0
DA:124,0
DA:131,0
DA:132,0
DA:143,0
DA:144,0
DA:146,0
DA:153,0
DA:154,0
DA:156,0
DA:163,0
DA:170,0
DA:177,0
DA:184,0
DA:185,0
DA:187,0
DA:188,0
DA:191,0
DA:193,0
LF:53
LH:0
BRDA:15,0,0,0
BRDA:15,0,1,0
BRDA:19,1,0,0
BRDA:53,2,0,0
BRDA:53,2,1,0
BRDA:75,3,0,0
BRDA:75,3,1,0
BRDA:132,4,0,0
BRDA:132,4,1,0
BRDA:132,4,2,0
BRDA:132,4,3,0
BRDA:132,4,4,0
BRDA:143,5,0,0
BRDA:143,6,0,0
BRDA:143,6,1,0
BRDA:153,7,0,0
BRDA:153,8,0,0
BRDA:153,8,1,0
BRDA:187,9,0,0
BRDA:187,10,0,0
BRDA:187,10,1,0
BRDA:193,11,0,0
BRDA:193,11,1,0
BRF:23
BRH:0
end_of_record
TN:
SF:src\utils\validation.ts
FN:14,(anonymous_0)
FN:25,(anonymous_1)
FN:72,(anonymous_2)
FN:93,(anonymous_3)
FN:132,(anonymous_4)
FN:156,(anonymous_5)
FN:196,(anonymous_6)
FN:224,(anonymous_7)
FN:233,(anonymous_8)
FN:242,(anonymous_9)
FN:255,(anonymous_10)
FN:259,(anonymous_11)
FN:268,(anonymous_12)
FN:281,(anonymous_13)
FN:305,(anonymous_14)
FN:317,(anonymous_15)
FN:325,(anonymous_16)
FN:361,(anonymous_17)
FN:364,(anonymous_18)
FNF:19
FNH:0
FNDA:0,(anonymous_0)
FNDA:0,(anonymous_1)
FNDA:0,(anonymous_2)
FNDA:0,(anonymous_3)
FNDA:0,(anonymous_4)
FNDA:0,(anonymous_5)
FNDA:0,(anonymous_6)
FNDA:0,(anonymous_7)
FNDA:0,(anonymous_8)
FNDA:0,(anonymous_9)
FNDA:0,(anonymous_10)
FNDA:0,(anonymous_11)
FNDA:0,(anonymous_12)
FNDA:0,(anonymous_13)
FNDA:0,(anonymous_14)
FNDA:0,(anonymous_15)
FNDA:0,(anonymous_16)
FNDA:0,(anonymous_17)
FNDA:0,(anonymous_18)
DA:15,0
DA:26,0
DA:27,0
DA:31,0
DA:32,0
DA:36,0
DA:39,0
DA:40,0
DA:44,0
DA:50,0
DA:51,0
DA:52,0
DA:53,0
DA:56,0
DA:62,0
DA:63,0
DA:66,0
DA:73,0
DA:74,0
DA:78,0
DA:81,0
DA:87,0
DA:94,0
DA:95,0
DA:99,0
DA:102,0
DA:106,0
DA:107,0
DA:108,0
DA:109,0
DA:111,0
DA:116,0
DA:117,0
DA:121,0
DA:133,0
DA:157,0
DA:197,0
DA:225,0
DA:226,0
DA:228,0
DA:234,0
DA:235,0
DA:237,0
DA:243,0
DA:244,0
DA:246,0
DA:256,0
DA:260,0
DA:261,0
DA:263,0
DA:269,0
DA:270,0
DA:272,0
DA:282,0
DA:306,0
DA:317,0
DA:322,0
DA:324,0
DA:325,0
DA:327,0
DA:328,0
DA:333,0
DA:334,0
DA:340,0
DA:348,0
DA:352,0
DA:355,0
DA:361,0
DA:362,0
DA:365,0
DA:366,0
DA:368,0
DA:369,0
LF:73
LH:0
BRDA:26,0,0,0
BRDA:26,1,0,0
BRDA:26,1,1,0
BRDA:31,2,0,0
BRDA:31,3,0,0
BRDA:31,3,1,0
BRDA:39,4,0,0
BRDA:53,5,0,0
BRDA:53,6,0,0
BRDA:53,6,1,0
BRDA:53,6,2,0
BRDA:62,7,0,0
BRDA:62,8,0,0
BRDA:62,8,1,0
BRDA:73,9,0,0
BRDA:73,10,0,0
BRDA:73,10,1,0
BRDA:94,11,0,0
BRDA:99,12,0,0
BRDA:99,13,0,0
BRDA:99,13,1,0
BRDA:99,13,2,0
BRDA:106,14,0,0
BRDA:116,15,0,0
BRDA:225,16,0,0
BRDA:234,17,0,0
BRDA:243,18,0,0
BRDA:260,19,0,0
BRDA:269,20,0,0
BRDA:324,21,0,0
BRDA:327,22,0,0
BRDA:327,22,1,0
BRDA:333,23,0,0
BRDA:333,23,1,0
BRDA:337,24,0,0
BRDA:337,24,1,0
BRDA:371,25,0,0
BRDA:371,25,1,0
BRF:38
BRH:0
end_of_record
